This is pdfTeX, Version 3.141592653-2.6-1.40.28 (MiKTeX 25.12) (preloaded format=pdflatex 2026.4.24)  29 APR 2026 14:10
entering extended mode
 restricted \write18 enabled.
 file:line:error style messages enabled.
 %&-line parsing enabled.
**"d:/Tution/Inter 1st Year/ICT/ICT/main.tex"
(d:/Tution/Inter 1st Year/ICT/ICT/main.tex
LaTeX2e <2025-11-01>
L3 programming layer <2026-03-20>
(C:\Users\miadu\AppData\Local\Programs\MiKTeX\tex/latex/base\book.cls
Document Class: book 2025/01/22 v1.4n Standard LaTeX document class
(C:\Users\miadu\AppData\Local\Programs\MiKTeX\tex/latex/base\bk11.clo
File: bk11.clo 2025/01/22 v1.4n Standard LaTeX file (size option)
)
\c@part=\count275
\c@chapter=\count276
\c@section=\count277
\c@subsection=\count278
\c@subsubsection=\count279
\c@paragraph=\count280
\c@subparagraph=\count281
\c@figure=\count282
\c@table=\count283
\abovecaptionskip=\skip49
\belowcaptionskip=\skip50
\bibindent=\dimen150
) (preamble.tex (C:\Users\miadu\AppData\Local\Programs\MiKTeX\tex/generic/iftex\iftex.sty
Package: iftex 2024/12/12 v1.0g TeX engine tests
) (C:\Users\miadu\AppData\Local\Programs\MiKTeX\tex/latex/base\inputenc.sty
Package: inputenc 2024/02/08 v1.3d Input encoding file
\inpenc@prehook=\toks17
\inpenc@posthook=\toks18
) (C:\Users\miadu\AppData\Local\Programs\MiKTeX\tex/latex/base\fontenc.sty
Package: fontenc 2025/07/18 v2.1d Standard LaTeX package
)
   defining Unicode char U+2212 (decimal 8722)
 (C:\Users\miadu\AppData\Local\Programs\MiKTeX\tex/latex/geometry\geometry.sty
Package: geometry 2020/01/02 v5.9 Page Geometry
 (C:\Users\miadu\AppData\Local\Programs\MiKTeX\tex/latex/graphics\keyval.sty
Package: keyval 2022/05/29 v1.15 key=value parser (DPC)
\KV@toks@=\toks19
) (C:\Users\miadu\AppData\Local\Programs\MiKTeX\tex/generic/iftex\ifvtex.sty
Package: ifvtex 2019/10/25 v1.7 ifvtex legacy package. Use iftex instead.
)
\Gm@cnth=\count284
\Gm@cntv=\count285
\c@Gm@tempcnt=\count286
\Gm@bindingoffset=\dimen151
\Gm@wd@mp=\dimen152
\Gm@odd@mp=\dimen153
\Gm@even@mp=\dimen154
\Gm@layoutwidth=\dimen155
\Gm@layoutheight=\dimen156
\Gm@layouthoffset=\dimen157
\Gm@layoutvoffset=\dimen158
\Gm@dimlist=\toks20
 (C:\Users\miadu\AppData\Local\Programs\MiKTeX\tex/latex/geometry\geometry.cfg)) (C:\Users\miadu\AppData\Local\Programs\MiKTeX\tex/latex/amsmath\amsmath.sty
Package: amsmath 2025/07/09 v2.17z AMS math features
\@mathmargin=\skip51

For additional information on amsmath, use the `?' option.
(C:\Users\miadu\AppData\Local\Programs\MiKTeX\tex/latex/amsmath\amstext.sty
Package: amstext 2024/11/17 v2.01 AMS text
 (C:\Users\miadu\AppData\Local\Programs\MiKTeX\tex/latex/amsmath\amsgen.sty
File: amsgen.sty 1999/11/30 v2.0 generic functions
\@emptytoks=\toks21
\ex@=\dimen159
)) (C:\Users\miadu\AppData\Local\Programs\MiKTeX\tex/latex/amsmath\amsbsy.sty
Package: amsbsy 1999/11/29 v1.2d Bold Symbols
\pmbraise@=\dimen160
) (C:\Users\miadu\AppData\Local\Programs\MiKTeX\tex/latex/amsmath\amsopn.sty
Package: amsopn 2022/04/08 v2.04 operator names
)
\inf@bad=\count287
LaTeX Info: Redefining \frac on input line 233.
\uproot@=\count288
\leftroot@=\count289
LaTeX Info: Redefining \overline on input line 398.
LaTeX Info: Redefining \colon on input line 409.
\classnum@=\count290
\DOTSCASE@=\count291
LaTeX Info: Redefining \ldots on input line 495.
LaTeX Info: Redefining \dots on input line 498.
LaTeX Info: Redefining \cdots on input line 619.
\Mathstrutbox@=\box53
\strutbox@=\box54
LaTeX Info: Redefining \big on input line 721.
LaTeX Info: Redefining \Big on input line 722.
LaTeX Info: Redefining \bigg on input line 723.
LaTeX Info: Redefining \Bigg on input line 724.
\big@size=\dimen161
LaTeX Font Info:    Redeclaring font encoding OML on input line 742.
LaTeX Font Info:    Redeclaring font encoding OMS on input line 743.
\macc@depth=\count292
LaTeX Info: Redefining \bmod on input line 904.
LaTeX Info: Redefining \pmod on input line 909.
LaTeX Info: Redefining \smash on input line 939.
LaTeX Info: Redefining \relbar on input line 969.
LaTeX Info: Redefining \Relbar on input line 970.
\c@MaxMatrixCols=\count293
\dotsspace@=\muskip17
\c@parentequation=\count294
\dspbrk@lvl=\count295
\tag@help=\toks22
\row@=\count296
\column@=\count297
\maxfields@=\count298
\andhelp@=\toks23
\eqnshift@=\dimen162
\alignsep@=\dimen163
\tagshift@=\dimen164
\tagwidth@=\dimen165
\totwidth@=\dimen166
\lineht@=\dimen167
\@envbody=\toks24
\multlinegap=\skip52
\multlinetaggap=\skip53
\mathdisplay@stack=\toks25
LaTeX Info: Redefining \[ on input line 2950.
LaTeX Info: Redefining \] on input line 2951.
) (C:\Users\miadu\AppData\Local\Programs\MiKTeX\tex/latex/amsfonts\amssymb.sty
Package: amssymb 2013/01/14 v3.01 AMS font symbols
 (C:\Users\miadu\AppData\Local\Programs\MiKTeX\tex/latex/amsfonts\amsfonts.sty
Package: amsfonts 2013/01/14 v3.01 Basic AMSFonts support
\symAMSa=\mathgroup4
\symAMSb=\mathgroup5
LaTeX Font Info:    Redeclaring math symbol \hbar on input line 98.
LaTeX Font Info:    Overwriting math alphabet `\mathfrak' in version `bold'
(Font)                  U/euf/m/n --> U/euf/b/n on input line 106.
)) (C:\Users\miadu\AppData\Local\Programs\MiKTeX\tex/latex/amscls\amsthm.sty
Package: amsthm 2020/05/29 v2.20.6
\thm@style=\toks26
\thm@bodyfont=\toks27
\thm@headfont=\toks28
\thm@notefont=\toks29
\thm@headpunct=\toks30
\thm@preskip=\skip54
\thm@postskip=\skip55
\thm@headsep=\skip56
\dth@everypar=\toks31
) (C:\Users\miadu\AppData\Local\Programs\MiKTeX\tex/latex/gensymb\gensymb.sty
Package: gensymb 2022/10/17 v1.0.2 (KJH)
) (C:\Users\miadu\AppData\Local\Programs\MiKTeX\tex/latex/cancel\cancel.sty
Package: cancel 2013/04/12 v2.2 Cancel math terms
) (C:\Users\miadu\AppData\Local\Programs\MiKTeX\tex/latex/graphics\graphicx.sty
Package: graphicx 2024/12/31 v1.2e Enhanced LaTeX Graphics (DPC,SPQR)
 (C:\Users\miadu\AppData\Local\Programs\MiKTeX\tex/latex/graphics\graphics.sty
Package: graphics 2024/08/06 v1.4g Standard LaTeX Graphics (DPC,SPQR)
 (C:\Users\miadu\AppData\Local\Programs\MiKTeX\tex/latex/graphics\trig.sty
Package: trig 2023/12/02 v1.11 sin cos tan (DPC)
) (C:\Users\miadu\AppData\Local\Programs\MiKTeX\tex/latex/graphics-cfg\graphics.cfg
File: graphics.cfg 2016/06/04 v1.11 sample graphics configuration
)
Package graphics Info: Driver file: pdftex.def on input line 106.
 (C:\Users\miadu\AppData\Local\Programs\MiKTeX\tex/latex/graphics-def\pdftex.def
File: pdftex.def 2025/09/29 v1.2d Graphics/color driver for pdftex
))
\Gin@req@height=\dimen168
\Gin@req@width=\dimen169
) (C:\Users\miadu\AppData\Local\Programs\MiKTeX\tex/latex/adjustbox\adjustbox.sty
Package: adjustbox 2025/02/26 v1.3c Adjusting TeX boxes (trim, clip, ...)
 (C:\Users\miadu\AppData\Local\Programs\MiKTeX\tex/latex/xkeyval\xkeyval.sty
Package: xkeyval 2022/06/16 v2.9 package option processing (HA)
 (C:\Users\miadu\AppData\Local\Programs\MiKTeX\tex/generic/xkeyval\xkeyval.tex (C:\Users\miadu\AppData\Local\Programs\MiKTeX\tex/generic/xkeyval\xkvutils.tex
\XKV@toks=\toks32
\XKV@tempa@toks=\toks33
)
\XKV@depth=\count299
File: xkeyval.tex 2014/12/03 v2.7a key=value parser (HA)
)) (C:\Users\miadu\AppData\Local\Programs\MiKTeX\tex/latex/adjustbox\adjcalc.sty
Package: adjcalc 2012/05/16 v1.1 Provides advanced setlength with multiple back-ends (calc, etex, pgfmath)
) (C:\Users\miadu\AppData\Local\Programs\MiKTeX\tex/latex/adjustbox\trimclip.sty
Package: trimclip 2025/02/21 v1.2a Trim and clip general TeX material
 (C:\Users\miadu\AppData\Local\Programs\MiKTeX\tex/latex/collectbox\collectbox.sty
Package: collectbox 2022/10/17 v0.4c Collect macro arguments as boxes
\collectedbox=\box55
)
\tc@llx=\dimen170
\tc@lly=\dimen171
\tc@urx=\dimen172
\tc@ury=\dimen173
Package trimclip Info: Using driver 'tc-pdftex.def'.
 (C:\Users\miadu\AppData\Local\Programs\MiKTeX\tex/latex/adjustbox\tc-pdftex.def
File: tc-pdftex.def 2025/02/26 v2.3 Clipping driver for pdftex
))
\adjbox@Width=\dimen174
\adjbox@Height=\dimen175
\adjbox@Depth=\dimen176
\adjbox@Totalheight=\dimen177
\adjbox@pwidth=\dimen178
\adjbox@pheight=\dimen179
\adjbox@pdepth=\dimen180
\adjbox@ptotalheight=\dimen181
 (C:\Users\miadu\AppData\Local\Programs\MiKTeX\tex/latex/ifoddpage\ifoddpage.sty
Package: ifoddpage 2022/10/18 v1.2 Conditionals for odd/even page detection
\c@checkoddpage=\count300
) (C:\Users\miadu\AppData\Local\Programs\MiKTeX\tex/latex/varwidth\varwidth.sty
Package: varwidth 2009/03/30 ver 0.92;  Variable-width minipages
\@vwid@box=\box56
\sift@deathcycles=\count301
\@vwid@loff=\dimen182
\@vwid@roff=\dimen183
)
==> First Aid for varwidth.sty applied!
) (C:\Users\miadu\AppData\Local\Programs\MiKTeX\tex/latex/caption\subcaption.sty
Package: subcaption 2023/07/28 v1.6b Sub-captions (AR)
 (C:\Users\miadu\AppData\Local\Programs\MiKTeX\tex/latex/caption\caption.sty
Package: caption 2023/08/05 v3.6o Customizing captions (AR)
 (C:\Users\miadu\AppData\Local\Programs\MiKTeX\tex/latex/caption\caption3.sty
Package: caption3 2023/07/31 v2.4d caption3 kernel (AR)
\caption@tempdima=\dimen184
\captionmargin=\dimen185
\caption@leftmargin=\dimen186
\caption@rightmargin=\dimen187
\caption@width=\dimen188
\caption@indent=\dimen189
\caption@parindent=\dimen190
\caption@hangindent=\dimen191
Package caption Info: Standard document class detected.
)
\c@caption@flags=\count302
\c@continuedfloat=\count303
)
Package caption Info: New subtype `subfigure' on input line 238.
\c@subfigure=\count304
Package caption Info: New subtype `subtable' on input line 238.
\c@subtable=\count305
) (C:\Users\miadu\AppData\Local\Programs\MiKTeX\tex/latex/float\float.sty
Package: float 2001/11/08 v1.3d Float enhancements (AL)
\c@float@type=\count306
\float@exts=\toks34
\float@box=\box57
\@float@everytoks=\toks35
\@floatcapt=\box58
) (C:\Users\miadu\AppData\Local\Programs\MiKTeX\tex/latex/pgf/frontendlayer\tikz.sty (C:\Users\miadu\AppData\Local\Programs\MiKTeX\tex/latex/pgf/basiclayer\pgf.sty (C:\Users\miadu\AppData\Local\Programs\MiKTeX\tex/latex/pgf/utilities\pgfrcs.sty (C:\Users\miadu\AppData\Local\Programs\MiKTeX\tex/generic/pgf/utilities\pgfutil-common.tex
\pgfutil@everybye=\toks36
\pgfutil@tempdima=\dimen192
\pgfutil@tempdimb=\dimen193
) (C:\Users\miadu\AppData\Local\Programs\MiKTeX\tex/generic/pgf/utilities\pgfutil-latex.def
\pgfutil@abb=\box59
) (C:\Users\miadu\AppData\Local\Programs\MiKTeX\tex/generic/pgf/utilities\pgfrcs.code.tex (C:\Users\miadu\AppData\Local\Programs\MiKTeX\tex/generic/pgf\pgf.revision.tex)
Package: pgfrcs 2025-08-29 v3.1.11a (3.1.11a)
))
Package: pgf 2025-08-29 v3.1.11a (3.1.11a)
 (C:\Users\miadu\AppData\Local\Programs\MiKTeX\tex/latex/pgf/basiclayer\pgfcore.sty (C:\Users\miadu\AppData\Local\Programs\MiKTeX\tex/latex/pgf/systemlayer\pgfsys.sty (C:\Users\miadu\AppData\Local\Programs\MiKTeX\tex/generic/pgf/systemlayer\pgfsys.code.tex
Package: pgfsys 2025-08-29 v3.1.11a (3.1.11a)
 (C:\Users\miadu\AppData\Local\Programs\MiKTeX\tex/generic/pgf/utilities\pgfkeys.code.tex
\pgfkeys@pathtoks=\toks37
\pgfkeys@temptoks=\toks38
 (C:\Users\miadu\AppData\Local\Programs\MiKTeX\tex/generic/pgf/utilities\pgfkeyslibraryfiltered.code.tex
\pgfkeys@tmptoks=\toks39
))
\pgf@x=\dimen194
\pgf@y=\dimen195
\pgf@xa=\dimen196
\pgf@ya=\dimen197
\pgf@xb=\dimen198
\pgf@yb=\dimen199
\pgf@xc=\dimen256
\pgf@yc=\dimen257
\pgf@xd=\dimen258
\pgf@yd=\dimen259
\w@pgf@writea=\write3
\r@pgf@reada=\read2
\c@pgf@counta=\count307
\c@pgf@countb=\count308
\c@pgf@countc=\count309
\c@pgf@countd=\count310
\t@pgf@toka=\toks40
\t@pgf@tokb=\toks41
\t@pgf@tokc=\toks42
\pgf@sys@id@count=\count311
 (C:\Users\miadu\AppData\Local\Programs\MiKTeX\tex/generic/pgf/systemlayer\pgf.cfg
File: pgf.cfg 2025-08-29 v3.1.11a (3.1.11a)
)
Driver file for pgf: pgfsys-pdftex.def
 (C:\Users\miadu\AppData\Local\Programs\MiKTeX\tex/generic/pgf/systemlayer\pgfsys-pdftex.def
File: pgfsys-pdftex.def 2025-08-29 v3.1.11a (3.1.11a)
 (C:\Users\miadu\AppData\Local\Programs\MiKTeX\tex/generic/pgf/systemlayer\pgfsys-common-pdf.def
File: pgfsys-common-pdf.def 2025-08-29 v3.1.11a (3.1.11a)
))) (C:\Users\miadu\AppData\Local\Programs\MiKTeX\tex/generic/pgf/systemlayer\pgfsyssoftpath.code.tex
File: pgfsyssoftpath.code.tex 2025-08-29 v3.1.11a (3.1.11a)
\pgfsyssoftpath@smallbuffer@items=\count312
\pgfsyssoftpath@bigbuffer@items=\count313
) (C:\Users\miadu\AppData\Local\Programs\MiKTeX\tex/generic/pgf/systemlayer\pgfsysprotocol.code.tex
File: pgfsysprotocol.code.tex 2025-08-29 v3.1.11a (3.1.11a)
)) (C:\Users\miadu\AppData\Local\Programs\MiKTeX\tex/latex/xcolor\xcolor.sty
Package: xcolor 2024/09/29 v3.02 LaTeX color extensions (UK)
 (C:\Users\miadu\AppData\Local\Programs\MiKTeX\tex/latex/graphics-cfg\color.cfg
File: color.cfg 2016/01/02 v1.6 sample color configuration
)
Package xcolor Info: Driver file: pdftex.def on input line 274.
 (C:\Users\miadu\AppData\Local\Programs\MiKTeX\tex/latex/graphics\mathcolor.ltx)
Package xcolor Info: Model `cmy' substituted by `cmy0' on input line 1349.
Package xcolor Info: Model `hsb' substituted by `rgb' on input line 1353.
Package xcolor Info: Model `RGB' extended on input line 1365.
Package xcolor Info: Model `HTML' substituted by `rgb' on input line 1367.
Package xcolor Info: Model `Hsb' substituted by `hsb' on input line 1368.
Package xcolor Info: Model `tHsb' substituted by `hsb' on input line 1369.
Package xcolor Info: Model `HSB' substituted by `hsb' on input line 1370.
Package xcolor Info: Model `Gray' substituted by `gray' on input line 1371.
Package xcolor Info: Model `wave' substituted by `hsb' on input line 1372.
) (C:\Users\miadu\AppData\Local\Programs\MiKTeX\tex/generic/pgf/basiclayer\pgfcore.code.tex
Package: pgfcore 2025-08-29 v3.1.11a (3.1.11a)
 (C:\Users\miadu\AppData\Local\Programs\MiKTeX\tex/generic/pgf/math\pgfmath.code.tex (C:\Users\miadu\AppData\Local\Programs\MiKTeX\tex/generic/pgf/math\pgfmathutil.code.tex) (C:\Users\miadu\AppData\Local\Programs\MiKTeX\tex/generic/pgf/math\pgfmathparser.code.tex
\pgfmath@dimen=\dimen260
\pgfmath@count=\count314
\pgfmath@box=\box60
\pgfmath@toks=\toks43
\pgfmath@stack@operand=\toks44
\pgfmath@stack@operation=\toks45
) (C:\Users\miadu\AppData\Local\Programs\MiKTeX\tex/generic/pgf/math\pgfmathfunctions.code.tex) (C:\Users\miadu\AppData\Local\Programs\MiKTeX\tex/generic/pgf/math\pgfmathfunctions.basic.code.tex) (C:\Users\miadu\AppData\Local\Programs\MiKTeX\tex/generic/pgf/math\pgfmathfunctions.trigonometric.code.tex) (C:\Users\miadu\AppData\Local\Programs\MiKTeX\tex/generic/pgf/math\pgfmathfunctions.random.code.tex) (C:\Users\miadu\AppData\Local\Programs\MiKTeX\tex/generic/pgf/math\pgfmathfunctions.comparison.code.tex) (C:\Users\miadu\AppData\Local\Programs\MiKTeX\tex/generic/pgf/math\pgfmathfunctions.base.code.tex) (C:\Users\miadu\AppData\Local\Programs\MiKTeX\tex/generic/pgf/math\pgfmathfunctions.round.code.tex) (C:\Users\miadu\AppData\Local\Programs\MiKTeX\tex/generic/pgf/math\pgfmathfunctions.misc.code.tex) (C:\Users\miadu\AppData\Local\Programs\MiKTeX\tex/generic/pgf/math\pgfmathfunctions.integerarithmetics.code.tex) (C:\Users\miadu\AppData\Local\Programs\MiKTeX\tex/generic/pgf/math\pgfmathcalc.code.tex) (C:\Users\miadu\AppData\Local\Programs\MiKTeX\tex/generic/pgf/math\pgfmathfloat.code.tex
\c@pgfmathroundto@lastzeros=\count315
)) (C:\Users\miadu\AppData\Local\Programs\MiKTeX\tex/generic/pgf/math\pgfint.code.tex) (C:\Users\miadu\AppData\Local\Programs\MiKTeX\tex/generic/pgf/basiclayer\pgfcorepoints.code.tex
File: pgfcorepoints.code.tex 2025-08-29 v3.1.11a (3.1.11a)
\pgf@picminx=\dimen261
\pgf@picmaxx=\dimen262
\pgf@picminy=\dimen263
\pgf@picmaxy=\dimen264
\pgf@pathminx=\dimen265
\pgf@pathmaxx=\dimen266
\pgf@pathminy=\dimen267
\pgf@pathmaxy=\dimen268
\pgf@xx=\dimen269
\pgf@xy=\dimen270
\pgf@yx=\dimen271
\pgf@yy=\dimen272
\pgf@zx=\dimen273
\pgf@zy=\dimen274
) (C:\Users\miadu\AppData\Local\Programs\MiKTeX\tex/generic/pgf/basiclayer\pgfcorepathconstruct.code.tex
File: pgfcorepathconstruct.code.tex 2025-08-29 v3.1.11a (3.1.11a)
\pgf@path@lastx=\dimen275
\pgf@path@lasty=\dimen276
) (C:\Users\miadu\AppData\Local\Programs\MiKTeX\tex/generic/pgf/basiclayer\pgfcorepathusage.code.tex
File: pgfcorepathusage.code.tex 2025-08-29 v3.1.11a (3.1.11a)
\pgf@shorten@end@additional=\dimen277
\pgf@shorten@start@additional=\dimen278
) (C:\Users\miadu\AppData\Local\Programs\MiKTeX\tex/generic/pgf/basiclayer\pgfcorescopes.code.tex
File: pgfcorescopes.code.tex 2025-08-29 v3.1.11a (3.1.11a)
\pgfpic=\box61
\pgf@hbox=\box62
\pgf@layerbox@main=\box63
\pgf@picture@serial@count=\count316
) (C:\Users\miadu\AppData\Local\Programs\MiKTeX\tex/generic/pgf/basiclayer\pgfcoregraphicstate.code.tex
File: pgfcoregraphicstate.code.tex 2025-08-29 v3.1.11a (3.1.11a)
\pgflinewidth=\dimen279
) (C:\Users\miadu\AppData\Local\Programs\MiKTeX\tex/generic/pgf/basiclayer\pgfcoretransformations.code.tex
File: pgfcoretransformations.code.tex 2025-08-29 v3.1.11a (3.1.11a)
\pgf@pt@x=\dimen280
\pgf@pt@y=\dimen281
\pgf@pt@temp=\dimen282
) (C:\Users\miadu\AppData\Local\Programs\MiKTeX\tex/generic/pgf/basiclayer\pgfcorequick.code.tex
File: pgfcorequick.code.tex 2025-08-29 v3.1.11a (3.1.11a)
) (C:\Users\miadu\AppData\Local\Programs\MiKTeX\tex/generic/pgf/basiclayer\pgfcoreobjects.code.tex
File: pgfcoreobjects.code.tex 2025-08-29 v3.1.11a (3.1.11a)
) (C:\Users\miadu\AppData\Local\Programs\MiKTeX\tex/generic/pgf/basiclayer\pgfcorepathprocessing.code.tex
File: pgfcorepathprocessing.code.tex 2025-08-29 v3.1.11a (3.1.11a)
) (C:\Users\miadu\AppData\Local\Programs\MiKTeX\tex/generic/pgf/basiclayer\pgfcorearrows.code.tex
File: pgfcorearrows.code.tex 2025-08-29 v3.1.11a (3.1.11a)
\pgfarrowsep=\dimen283
) (C:\Users\miadu\AppData\Local\Programs\MiKTeX\tex/generic/pgf/basiclayer\pgfcoreshade.code.tex
File: pgfcoreshade.code.tex 2025-08-29 v3.1.11a (3.1.11a)
\pgf@max=\dimen284
\pgf@sys@shading@range@num=\count317
\pgf@shadingcount=\count318
) (C:\Users\miadu\AppData\Local\Programs\MiKTeX\tex/generic/pgf/basiclayer\pgfcoreimage.code.tex
File: pgfcoreimage.code.tex 2025-08-29 v3.1.11a (3.1.11a)
) (C:\Users\miadu\AppData\Local\Programs\MiKTeX\tex/generic/pgf/basiclayer\pgfcoreexternal.code.tex
File: pgfcoreexternal.code.tex 2025-08-29 v3.1.11a (3.1.11a)
\pgfexternal@startupbox=\box64
) (C:\Users\miadu\AppData\Local\Programs\MiKTeX\tex/generic/pgf/basiclayer\pgfcorelayers.code.tex
File: pgfcorelayers.code.tex 2025-08-29 v3.1.11a (3.1.11a)
) (C:\Users\miadu\AppData\Local\Programs\MiKTeX\tex/generic/pgf/basiclayer\pgfcoretransparency.code.tex
File: pgfcoretransparency.code.tex 2025-08-29 v3.1.11a (3.1.11a)
) (C:\Users\miadu\AppData\Local\Programs\MiKTeX\tex/generic/pgf/basiclayer\pgfcorepatterns.code.tex
File: pgfcorepatterns.code.tex 2025-08-29 v3.1.11a (3.1.11a)
) (C:\Users\miadu\AppData\Local\Programs\MiKTeX\tex/generic/pgf/basiclayer\pgfcorerdf.code.tex
File: pgfcorerdf.code.tex 2025-08-29 v3.1.11a (3.1.11a)
))) (C:\Users\miadu\AppData\Local\Programs\MiKTeX\tex/generic/pgf/modules\pgfmoduleshapes.code.tex
File: pgfmoduleshapes.code.tex 2025-08-29 v3.1.11a (3.1.11a)
\pgfnodeparttextbox=\box65
) (C:\Users\miadu\AppData\Local\Programs\MiKTeX\tex/generic/pgf/modules\pgfmoduleplot.code.tex
File: pgfmoduleplot.code.tex 2025-08-29 v3.1.11a (3.1.11a)
) (C:\Users\miadu\AppData\Local\Programs\MiKTeX\tex/latex/pgf/compatibility\pgfcomp-version-0-65.sty
Package: pgfcomp-version-0-65 2025-08-29 v3.1.11a (3.1.11a)
\pgf@nodesepstart=\dimen285
\pgf@nodesepend=\dimen286
) (C:\Users\miadu\AppData\Local\Programs\MiKTeX\tex/latex/pgf/compatibility\pgfcomp-version-1-18.sty
Package: pgfcomp-version-1-18 2025-08-29 v3.1.11a (3.1.11a)
)) (C:\Users\miadu\AppData\Local\Programs\MiKTeX\tex/latex/pgf/utilities\pgffor.sty (C:\Users\miadu\AppData\Local\Programs\MiKTeX\tex/latex/pgf/utilities\pgfkeys.sty (C:\Users\miadu\AppData\Local\Programs\MiKTeX\tex/generic/pgf/utilities\pgfkeys.code.tex)) (C:\Users\miadu\AppData\Local\Programs\MiKTeX\tex/latex/pgf/math\pgfmath.sty (C:\Users\miadu\AppData\Local\Programs\MiKTeX\tex/generic/pgf/math\pgfmath.code.tex)) (C:\Users\miadu\AppData\Local\Programs\MiKTeX\tex/generic/pgf/utilities\pgffor.code.tex
Package: pgffor 2025-08-29 v3.1.11a (3.1.11a)
\pgffor@iter=\dimen287
\pgffor@skip=\dimen288
\pgffor@stack=\toks46
\pgffor@toks=\toks47
)) (C:\Users\miadu\AppData\Local\Programs\MiKTeX\tex/generic/pgf/frontendlayer/tikz\tikz.code.tex
Package: tikz 2025-08-29 v3.1.11a (3.1.11a)
 (C:\Users\miadu\AppData\Local\Programs\MiKTeX\tex/generic/pgf/libraries\pgflibraryplothandlers.code.tex
File: pgflibraryplothandlers.code.tex 2025-08-29 v3.1.11a (3.1.11a)
\pgf@plot@mark@count=\count319
\pgfplotmarksize=\dimen289
)
\tikz@lastx=\dimen290
\tikz@lasty=\dimen291
\tikz@lastxsaved=\dimen292
\tikz@lastysaved=\dimen293
\tikz@lastmovetox=\dimen294
\tikz@lastmovetoy=\dimen295
\tikzleveldistance=\dimen296
\tikzsiblingdistance=\dimen297
\tikz@figbox=\box66
\tikz@figbox@bg=\box67
\tikz@tempbox=\box68
\tikz@tempbox@bg=\box69
\tikztreelevel=\count320
\tikznumberofchildren=\count321
\tikznumberofcurrentchild=\count322
\tikz@fig@count=\count323
 (C:\Users\miadu\AppData\Local\Programs\MiKTeX\tex/generic/pgf/modules\pgfmodulematrix.code.tex
File: pgfmodulematrix.code.tex 2025-08-29 v3.1.11a (3.1.11a)
\pgfmatrixcurrentrow=\count324
\pgfmatrixcurrentcolumn=\count325
\pgf@matrix@numberofcolumns=\count326
)
\tikz@expandcount=\count327
 (C:\Users\miadu\AppData\Local\Programs\MiKTeX\tex/generic/pgf/frontendlayer/tikz/libraries\tikzlibrarytopaths.code.tex
File: tikzlibrarytopaths.code.tex 2025-08-29 v3.1.11a (3.1.11a)
))) (C:\Users\miadu\AppData\Local\Programs\MiKTeX\tex/generic/pgf/frontendlayer/tikz/libraries\tikzlibraryshapes.code.tex
File: tikzlibraryshapes.code.tex 2025-08-29 v3.1.11a (3.1.11a)
 (C:\Users\miadu\AppData\Local\Programs\MiKTeX\tex/generic/pgf/frontendlayer/tikz/libraries\tikzlibraryshapes.geometric.code.tex
File: tikzlibraryshapes.geometric.code.tex 2025-08-29 v3.1.11a (3.1.11a)
 (C:\Users\miadu\AppData\Local\Programs\MiKTeX\tex/generic/pgf/libraries/shapes\pgflibraryshapes.geometric.code.tex
File: pgflibraryshapes.geometric.code.tex 2025-08-29 v3.1.11a (3.1.11a)
)) (C:\Users\miadu\AppData\Local\Programs\MiKTeX\tex/generic/pgf/frontendlayer/tikz/libraries\tikzlibraryshapes.misc.code.tex
File: tikzlibraryshapes.misc.code.tex 2025-08-29 v3.1.11a (3.1.11a)
 (C:\Users\miadu\AppData\Local\Programs\MiKTeX\tex/generic/pgf/libraries/shapes\pgflibraryshapes.misc.code.tex
File: pgflibraryshapes.misc.code.tex 2025-08-29 v3.1.11a (3.1.11a)
)) (C:\Users\miadu\AppData\Local\Programs\MiKTeX\tex/generic/pgf/frontendlayer/tikz/libraries\tikzlibraryshapes.symbols.code.tex
File: tikzlibraryshapes.symbols.code.tex 2025-08-29 v3.1.11a (3.1.11a)
 (C:\Users\miadu\AppData\Local\Programs\MiKTeX\tex/generic/pgf/libraries/shapes\pgflibraryshapes.symbols.code.tex
File: pgflibraryshapes.symbols.code.tex 2025-08-29 v3.1.11a (3.1.11a)
)) (C:\Users\miadu\AppData\Local\Programs\MiKTeX\tex/generic/pgf/frontendlayer/tikz/libraries\tikzlibraryshapes.arrows.code.tex
File: tikzlibraryshapes.arrows.code.tex 2025-08-29 v3.1.11a (3.1.11a)
 (C:\Users\miadu\AppData\Local\Programs\MiKTeX\tex/generic/pgf/libraries/shapes\pgflibraryshapes.arrows.code.tex
File: pgflibraryshapes.arrows.code.tex 2025-08-29 v3.1.11a (3.1.11a)
)) (C:\Users\miadu\AppData\Local\Programs\MiKTeX\tex/generic/pgf/frontendlayer/tikz/libraries\tikzlibraryshapes.callouts.code.tex (C:\Users\miadu\AppData\Local\Programs\MiKTeX\tex/generic/pgf/libraries/shapes\pgflibraryshapes.callouts.code.tex)) (C:\Users\miadu\AppData\Local\Programs\MiKTeX\tex/generic/pgf/frontendlayer/tikz/libraries\tikzlibraryshapes.multipart.code.tex
File: tikzlibraryshapes.multipart.code.tex 2025-08-29 v3.1.11a (3.1.11a)
 (C:\Users\miadu\AppData\Local\Programs\MiKTeX\tex/generic/pgf/libraries/shapes\pgflibraryshapes.multipart.code.tex
File: pgflibraryshapes.multipart.code.tex 2025-08-29 v3.1.11a (3.1.11a)
\pgfnodepartlowerbox=\box70
\pgfnodeparttwobox=\box71
\pgfnodepartthreebox=\box72
\pgfnodepartfourbox=\box73
\pgfnodeparttwentybox=\box74
\pgfnodepartnineteenbox=\box75
\pgfnodeparteighteenbox=\box76
\pgfnodepartseventeenbox=\box77
\pgfnodepartsixteenbox=\box78
\pgfnodepartfifteenbox=\box79
\pgfnodepartfourteenbox=\box80
\pgfnodepartthirteenbox=\box81
\pgfnodeparttwelvebox=\box82
\pgfnodepartelevenbox=\box83
\pgfnodeparttenbox=\box84
\pgfnodepartninebox=\box85
\pgfnodeparteightbox=\box86
\pgfnodepartsevenbox=\box87
\pgfnodepartsixbox=\box88
\pgfnodepartfivebox=\box89
))) (C:\Users\miadu\AppData\Local\Programs\MiKTeX\tex/generic/pgf/frontendlayer/tikz/libraries\tikzlibraryarrows.code.tex
File: tikzlibraryarrows.code.tex 2025-08-29 v3.1.11a (3.1.11a)
 (C:\Users\miadu\AppData\Local\Programs\MiKTeX\tex/generic/pgf/libraries\pgflibraryarrows.code.tex
File: pgflibraryarrows.code.tex 2025-08-29 v3.1.11a (3.1.11a)
\arrowsize=\dimen298
)) (C:\Users\miadu\AppData\Local\Programs\MiKTeX\tex/generic/pgf/frontendlayer/tikz/libraries\tikzlibrarypositioning.code.tex
File: tikzlibrarypositioning.code.tex 2025-08-29 v3.1.11a (3.1.11a)
) (C:\Users\miadu\AppData\Local\Programs\MiKTeX\tex/generic/pgf/frontendlayer/tikz/libraries\tikzlibrarydecorations.pathmorphing.code.tex (C:\Users\miadu\AppData\Local\Programs\MiKTeX\tex/generic/pgf/frontendlayer/tikz/libraries\tikzlibrarydecorations.code.tex (C:\Users\miadu\AppData\Local\Programs\MiKTeX\tex/generic/pgf/modules\pgfmoduledecorations.code.tex
\pgfdecoratedcompleteddistance=\dimen299
\pgfdecoratedremainingdistance=\dimen300
\pgfdecoratedinputsegmentcompleteddistance=\dimen301
\pgfdecoratedinputsegmentremainingdistance=\dimen302
\pgf@decorate@distancetomove=\dimen303
\pgf@decorate@repeatstate=\count328
\pgfdecorationsegmentamplitude=\dimen304
\pgfdecorationsegmentlength=\dimen305
)
\tikz@lib@dec@box=\box90
) (C:\Users\miadu\AppData\Local\Programs\MiKTeX\tex/generic/pgf/libraries/decorations\pgflibrarydecorations.pathmorphing.code.tex)) (C:\Users\miadu\AppData\Local\Programs\MiKTeX\tex/generic/pgf/frontendlayer/tikz/libraries\tikzlibrarydecorations.markings.code.tex (C:\Users\miadu\AppData\Local\Programs\MiKTeX\tex/generic/pgf/libraries/decorations\pgflibrarydecorations.markings.code.tex)) (C:\Users\miadu\AppData\Local\Programs\MiKTeX\tex/generic/pgf/frontendlayer/tikz/libraries\tikzlibrarypatterns.code.tex
File: tikzlibrarypatterns.code.tex 2025-08-29 v3.1.11a (3.1.11a)
 (C:\Users\miadu\AppData\Local\Programs\MiKTeX\tex/generic/pgf/libraries\pgflibrarypatterns.code.tex
File: pgflibrarypatterns.code.tex 2025-08-29 v3.1.11a (3.1.11a)
)) (C:\Users\miadu\AppData\Local\Programs\MiKTeX\tex/generic/pgf/frontendlayer/tikz/libraries\tikzlibraryshadows.code.tex
File: tikzlibraryshadows.code.tex 2025-08-29 v3.1.11a (3.1.11a)
 (C:\Users\miadu\AppData\Local\Programs\MiKTeX\tex/generic/pgf/frontendlayer/tikz/libraries\tikzlibraryfadings.code.tex
File: tikzlibraryfadings.code.tex 2025-08-29 v3.1.11a (3.1.11a)
 (C:\Users\miadu\AppData\Local\Programs\MiKTeX\tex/generic/pgf/libraries\pgflibraryfadings.code.tex
File: pgflibraryfadings.code.tex 2025-08-29 v3.1.11a (3.1.11a)
))) (C:\Users\miadu\AppData\Local\Programs\MiKTeX\tex/generic/pgf/frontendlayer/tikz/libraries\tikzlibrarybackgrounds.code.tex
File: tikzlibrarybackgrounds.code.tex 2025-08-29 v3.1.11a (3.1.11a)
\pgf@layerbox@background=\box91
\pgf@layerboxsaved@background=\box92
)
(C:\Users\miadu\AppData\Local\Programs\MiKTeX\tex/generic/pgf/frontendlayer/tikz/libraries\tikzlibrarycalc.code.tex
File: tikzlibrarycalc.code.tex 2025-08-29 v3.1.11a (3.1.11a)
) (C:\Users\miadu\AppData\Local\Programs\MiKTeX\tex/latex/colortbl\colortbl.sty
Package: colortbl 2024/10/29 v1.0k Color table columns (DPC)
 (C:\Users\miadu\AppData\Local\Programs\MiKTeX\tex/latex/tools\array.sty
Package: array 2025/09/25 v2.6n Tabular extension package (FMi)
\col@sep=\dimen306
\ar@mcellbox=\box93
\extrarowheight=\dimen307
\NC@list=\toks48
\extratabsurround=\skip57
\backup@length=\skip58
\ar@cellbox=\box94
)
\everycr=\toks49
\minrowclearance=\skip59
\rownum=\count329
) (C:\Users\miadu\AppData\Local\Programs\MiKTeX\tex/latex/booktabs\booktabs.sty
Package: booktabs 2020/01/12 v1.61803398 Publication quality tables
\heavyrulewidth=\dimen308
\lightrulewidth=\dimen309
\cmidrulewidth=\dimen310
\belowrulesep=\dimen311
\belowbottomsep=\dimen312
\aboverulesep=\dimen313
\abovetopsep=\dimen314
\cmidrulesep=\dimen315
\cmidrulekern=\dimen316
\defaultaddspace=\dimen317
\@cmidla=\count330
\@cmidlb=\count331
\@aboverulesep=\dimen318
\@belowrulesep=\dimen319
\@thisruleclass=\count332
\@lastruleclass=\count333
\@thisrulewidth=\dimen320
) (C:\Users\miadu\AppData\Local\Programs\MiKTeX\tex/latex/tools\longtable.sty
Package: longtable 2025-10-13 v4.24 Multi-page Table package (DPC)
\LTleft=\skip60
\LTright=\skip61
\LTpre=\skip62
\LTpost=\skip63
\LTchunksize=\count334
\LTcapwidth=\dimen321
\LT@head=\box95
\LT@firsthead=\box96
\LT@foot=\box97
\LT@lastfoot=\box98
\LT@gbox=\box99
\LT@cols=\count335
\LT@rows=\count336
\c@LT@tables=\count337
\c@LT@chunks=\count338
\LT@p@ftn=\toks50
) (C:\Users\miadu\AppData\Local\Programs\MiKTeX\tex/latex/multirow\multirow.sty
Package: multirow 2024/11/12 v2.9 Span multiple rows of a table
\multirow@colwidth=\skip64
\multirow@cntb=\count339
\multirow@dima=\skip65
\bigstrutjot=\dimen322
) (C:\Users\miadu\AppData\Local\Programs\MiKTeX\tex/latex/tools\tabularx.sty
Package: tabularx 2023/12/11 v2.12a `tabularx' package (DPC)
\TX@col@width=\dimen323
\TX@old@table=\dimen324
\TX@old@col=\dimen325
\TX@target=\dimen326
\TX@delta=\dimen327
\TX@cols=\count340
\TX@ftn=\toks51
) (C:\Users\miadu\AppData\Local\Programs\MiKTeX\tex/latex/makecell\makecell.sty
Package: makecell 2009/08/03 V0.1e Managing of Tab Column Heads and Cells
\rotheadsize=\dimen328
\c@nlinenum=\count341
\TeXr@lab=\toks52
) (C:\Users\miadu\AppData\Local\Programs\MiKTeX\tex/latex/enumitem\enumitem.sty
Package: enumitem 2025/02/06 v3.11 Customized lists
\labelindent=\skip66
\enit@outerparindent=\dimen329
\enit@toks=\toks53
\enit@inbox=\box100
\enit@count@id=\count342
\enitdp@description=\count343
) (C:\Users\miadu\AppData\Local\Programs\MiKTeX\tex/latex/listings\listings.sty
\lst@mode=\count344
\lst@gtempboxa=\box101
\lst@token=\toks54
\lst@length=\count345
\lst@currlwidth=\dimen330
\lst@column=\count346
\lst@pos=\count347
\lst@lostspace=\dimen331
\lst@width=\dimen332
\lst@newlines=\count348
\lst@lineno=\count349
\lst@maxwidth=\dimen333
 (C:\Users\miadu\AppData\Local\Programs\MiKTeX\tex/latex/listings\lstpatch.sty
File: lstpatch.sty 2025/11/14 1.11b (Carsten Heinz)
) (C:\Users\miadu\AppData\Local\Programs\MiKTeX\tex/latex/listings\lstmisc.sty
File: lstmisc.sty 2025/11/14 1.11b (Carsten Heinz)
\c@lstnumber=\count350
\lst@skipnumbers=\count351
\lst@framebox=\box102
) (C:\Users\miadu\AppData\Local\Programs\MiKTeX\tex/latex/listings\listings.cfg
File: listings.cfg 2025/11/14 1.11b listings configuration
))
Package: listings 2025/11/14 1.11b (Carsten Heinz)

==> First Aid for listings.sty no longer applied!
    Expected:
        2024/09/23 1.10c (Carsten Heinz)
    but found:
        2025/11/14 1.11b (Carsten Heinz)
    so I'm assuming it got fixed.
(C:\Users\miadu\AppData\Local\Programs\MiKTeX\tex/latex/tools\verbatim.sty
Package: verbatim 2024-01-22 v1.5x LaTeX2e package for verbatim enhancements
\every@verbatim=\toks55
\verbatim@line=\toks56
\verbatim@in@stream=\read3
) (C:\Users\miadu\AppData\Local\Programs\MiKTeX\tex/latex/mdframed\mdframed.sty
Package: mdframed 2013/07/01 1.9b: mdframed
 (C:\Users\miadu\AppData\Local\Programs\MiKTeX\tex/latex/kvoptions\kvoptions.sty
Package: kvoptions 2022-06-15 v3.15 Key value format for package options (HO)
 (C:\Users\miadu\AppData\Local\Programs\MiKTeX\tex/generic/ltxcmds\ltxcmds.sty
Package: ltxcmds 2023-12-04 v1.26 LaTeX kernel commands for general use (HO)
) (C:\Users\miadu\AppData\Local\Programs\MiKTeX\tex/latex/kvsetkeys\kvsetkeys.sty
Package: kvsetkeys 2022-10-05 v1.19 Key value parser (HO)
)) (C:\Users\miadu\AppData\Local\Programs\MiKTeX\tex/latex/l3packages/xparse\xparse.sty (C:\Users\miadu\AppData\Local\Programs\MiKTeX\tex/latex/l3kernel\expl3.sty
Package: expl3 2026-03-20 L3 programming layer (loader) 
 (C:\Users\miadu\AppData\Local\Programs\MiKTeX\tex/latex/l3backend\l3backend-pdftex.def
File: l3backend-pdftex.def 2026-02-18 L3 backend support: PDF output (pdfTeX)
\l__color_backend_stack_int=\count352
))
Package: xparse 2025-10-09 L3 Experimental document command parser
) (C:\Users\miadu\AppData\Local\Programs\MiKTeX\tex/latex/etoolbox\etoolbox.sty
Package: etoolbox 2025/10/02 v2.5m e-TeX tools for LaTeX (JAW)
\etb@tempcnta=\count353
) (C:\Users\miadu\AppData\Local\Programs\MiKTeX\tex/latex/zref\zref-abspage.sty
Package: zref-abspage 2025-06-08 v2.36 Module abspage for zref (HO)
 (C:\Users\miadu\AppData\Local\Programs\MiKTeX\tex/latex/zref\zref-base.sty
Package: zref-base 2025-06-08 v2.36 Module base for zref (HO)
 (C:\Users\miadu\AppData\Local\Programs\MiKTeX\tex/generic/infwarerr\infwarerr.sty
Package: infwarerr 2019/12/03 v1.5 Providing info/warning/error messages (HO)
) (C:\Users\miadu\AppData\Local\Programs\MiKTeX\tex/generic/kvdefinekeys\kvdefinekeys.sty
Package: kvdefinekeys 2019-12-19 v1.6 Define keys (HO)
) (C:\Users\miadu\AppData\Local\Programs\MiKTeX\tex/generic/pdftexcmds\pdftexcmds.sty
Package: pdftexcmds 2020-06-27 v0.33 Utility functions of pdfTeX for LuaTeX (HO)
Package pdftexcmds Info: \pdf@primitive is available.
Package pdftexcmds Info: \pdf@ifprimitive is available.
Package pdftexcmds Info: \pdfdraftmode found.
) (C:\Users\miadu\AppData\Local\Programs\MiKTeX\tex/generic/etexcmds\etexcmds.sty
Package: etexcmds 2019/12/15 v1.7 Avoid name clashes with e-TeX commands (HO)
) (C:\Users\miadu\AppData\Local\Programs\MiKTeX\tex/latex/auxhook\auxhook.sty
Package: auxhook 2019-12-17 v1.6 Hooks for auxiliary files (HO)
)
Package zref Info: New property list: main on input line 767.
Package zref Info: New property: default on input line 768.
Package zref Info: New property: page on input line 769.
)
\c@abspage=\count354
Package zref Info: New property: abspage on input line 67.
) (C:\Users\miadu\AppData\Local\Programs\MiKTeX\tex/latex/needspace\needspace.sty
Package: needspace 2025/03/13 v1.3e reserve vertical space
)
\mdf@templength=\skip67
\c@mdf@globalstyle@cnt=\count355
\mdf@skipabove@length=\skip68
\mdf@skipbelow@length=\skip69
\mdf@leftmargin@length=\skip70
\mdf@rightmargin@length=\skip71
\mdf@innerleftmargin@length=\skip72
\mdf@innerrightmargin@length=\skip73
\mdf@innertopmargin@length=\skip74
\mdf@innerbottommargin@length=\skip75
\mdf@splittopskip@length=\skip76
\mdf@splitbottomskip@length=\skip77
\mdf@outermargin@length=\skip78
\mdf@innermargin@length=\skip79
\mdf@linewidth@length=\skip80
\mdf@innerlinewidth@length=\skip81
\mdf@middlelinewidth@length=\skip82
\mdf@outerlinewidth@length=\skip83
\mdf@roundcorner@length=\skip84
\mdf@footenotedistance@length=\skip85
\mdf@userdefinedwidth@length=\skip86
\mdf@needspace@length=\skip87
\mdf@frametitleaboveskip@length=\skip88
\mdf@frametitlebelowskip@length=\skip89
\mdf@frametitlerulewidth@length=\skip90
\mdf@frametitleleftmargin@length=\skip91
\mdf@frametitlerightmargin@length=\skip92
\mdf@shadowsize@length=\skip93
\mdf@extratopheight@length=\skip94
\mdf@subtitleabovelinewidth@length=\skip95
\mdf@subtitlebelowlinewidth@length=\skip96
\mdf@subtitleaboveskip@length=\skip97
\mdf@subtitlebelowskip@length=\skip98
\mdf@subtitleinneraboveskip@length=\skip99
\mdf@subtitleinnerbelowskip@length=\skip100
\mdf@subsubtitleabovelinewidth@length=\skip101
\mdf@subsubtitlebelowlinewidth@length=\skip102
\mdf@subsubtitleaboveskip@length=\skip103
\mdf@subsubtitlebelowskip@length=\skip104
\mdf@subsubtitleinneraboveskip@length=\skip105
\mdf@subsubtitleinnerbelowskip@length=\skip106
 (C:\Users\miadu\AppData\Local\Programs\MiKTeX\tex/latex/mdframed\md-frame-0.mdf
File: md-frame-0.mdf 2013/07/01\ 1.9b: md-frame-0
)
\mdf@frametitlebox=\box103
\mdf@footnotebox=\box104
\mdf@splitbox@one=\box105
\mdf@splitbox@two=\box106
\mdf@splitbox@save=\box107
\mdfsplitboxwidth=\skip107
\mdfsplitboxtotalwidth=\skip108
\mdfsplitboxheight=\skip109
\mdfsplitboxdepth=\skip110
\mdfsplitboxtotalheight=\skip111
\mdfframetitleboxwidth=\skip112
\mdfframetitleboxtotalwidth=\skip113
\mdfframetitleboxheight=\skip114
\mdfframetitleboxdepth=\skip115
\mdfframetitleboxtotalheight=\skip116
\mdffootnoteboxwidth=\skip117
\mdffootnoteboxtotalwidth=\skip118
\mdffootnoteboxheight=\skip119
\mdffootnoteboxdepth=\skip120
\mdffootnoteboxtotalheight=\skip121
\mdftotallinewidth=\skip122
\mdfboundingboxwidth=\skip123
\mdfboundingboxtotalwidth=\skip124
\mdfboundingboxheight=\skip125
\mdfboundingboxdepth=\skip126
\mdfboundingboxtotalheight=\skip127
\mdf@freevspace@length=\skip128
\mdf@horizontalwidthofbox@length=\skip129
\mdf@verticalmarginwhole@length=\skip130
\mdf@horizontalspaceofbox=\skip131
\mdfsubtitleheight=\skip132
\mdfsubsubtitleheight=\skip133
\c@mdfcountframes=\count356

****** mdframed patching \endmdf@trivlist

****** -- success******

\mdf@envdepth=\count357
\c@mdf@env@i=\count358
\c@mdf@env@ii=\count359
\c@mdf@zref@counter=\count360
Package zref Info: New property: mdf@pagevalue on input line 895.
) (C:\Users\miadu\AppData\Local\Programs\MiKTeX\tex/latex/fundus-calligra\calligra.sty
Package: calligra 2012/04/10 v1.9 LaTeX package calligra
) (C:\Users\miadu\AppData\Local\Programs\MiKTeX\tex/latex/subfiles\subfiles.sty
Package: subfiles 2020/11/14 v2.2 Multi-file projects (package)
 (C:\Users\miadu\AppData\Local\Programs\MiKTeX\tex/latex/import\import.sty
Package: import 2020/04/01  v 6.2
)) (C:\Users\miadu\AppData\Local\Programs\MiKTeX\tex/latex/titlesec\titlesec.sty
Package: titlesec 2025/01/04 v2.17 Sectioning titles
\ttl@box=\box108
\beforetitleunit=\skip134
\aftertitleunit=\skip135
\ttl@plus=\dimen334
\ttl@minus=\dimen335
\ttl@toksa=\toks57
\titlewidth=\dimen336
\titlewidthlast=\dimen337
\titlewidthfirst=\dimen338
) (C:\Users\miadu\AppData\Local\Programs\MiKTeX\tex/latex/contour\contour.sty
Package: contour 2004/11/18 v2.14 Print contoured text (HH, MH)
\con@length=\skip136

Loading configuration file `contour.cfg'.
(C:\Users\miadu\AppData\Local\Programs\MiKTeX\tex/latex/contour\contour.cfg
File: contour.cfg 2004/11/18 v2.14 Print contoured text (HH, MH)
)
contour: Using driver file `pdftex.cnt'.
(C:\Users\miadu\AppData\Local\Programs\MiKTeX\tex/latex/contour\pdftex.cnt
File: pdftex.cnt 2004/11/18 v2.14 Print contoured text (HH, MH)
)) (C:\Users\miadu\AppData\Local\Programs\MiKTeX\tex/latex/tcolorbox\tcolorbox.sty
Package: tcolorbox 2025/11/28 version 6.9.0 text color boxes
 (C:\Users\miadu\AppData\Local\Programs\MiKTeX\tex/latex/environ\environ.sty
Package: environ 2014/05/04 v0.3 A new way to define environments
 (C:\Users\miadu\AppData\Local\Programs\MiKTeX\tex/latex/trimspaces\trimspaces.sty
Package: trimspaces 2009/09/17 v1.1 Trim spaces around a token list
))
\tcb@titlebox=\box109
\tcb@upperbox=\box110
\tcb@lowerbox=\box111
\tcb@phantombox=\box112
\c@tcbbreakpart=\count361
\c@tcblayer=\count362
\c@tcolorbox@number=\count363
\l__tcobox_tmpa_box=\box113
\l__tcobox_tmpa_dim=\dimen339
\tcb@temp=\box114
\tcb@temp=\box115
\tcb@temp=\box116
\tcb@temp=\box117
 (C:\Users\miadu\AppData\Local\Programs\MiKTeX\tex/latex/tcolorbox\tcbraster.code.tex
Library (tcolorbox): 'tcbraster.code.tex' version '6.9.0'
\c@tcbrastercolumn=\count364
\c@tcbrasterrow=\count365
\c@tcbrasternum=\count366
\c@tcbraster=\count367
) (C:\Users\miadu\AppData\Local\Programs\MiKTeX\tex/latex/tcolorbox\tcbskins.code.tex
Library (tcolorbox): 'tcbskins.code.tex' version '6.9.0'
(C:\Users\miadu\AppData\Local\Programs\MiKTeX\tex/latex/tikzfill\tikzfill.image.sty
Package: tikzfill.image 2023/08/08 v1.0.1 Image filling library for TikZ
 (C:\Users\miadu\AppData\Local\Programs\MiKTeX\tex/latex/tikzfill\tikzfill-common.sty
Package: tikzfill-common 2023/08/08 v1.0.1 Auxiliary code for tikzfill
) (C:\Users\miadu\AppData\Local\Programs\MiKTeX\tex/latex/tikzfill\tikzlibraryfill.image.code.tex
File: tikzlibraryfill.image.code.tex 2023/08/08 v1.0.1 Image filling library
\l__tikzfill_img_box=\box118
)) (C:\Users\miadu\AppData\Local\Programs\MiKTeX\tex/latex/tcolorbox\tcbskinsjigsaw.code.tex
Library (tcolorbox): 'tcbskinsjigsaw.code.tex' version '6.9.0'
)) (C:\Users\miadu\AppData\Local\Programs\MiKTeX\tex/latex/tcolorbox\tcbbreakable.code.tex
Library (tcolorbox): 'tcbbreakable.code.tex' version '6.9.0'
(C:\Users\miadu\AppData\Local\Programs\MiKTeX\tex/latex/pdfcol\pdfcol.sty
Package: pdfcol 2022-09-21 v1.7 Handle new color stacks for pdfTeX (HO)
)
Package pdfcol Info: New color stack `tcb@breakable' = 1 on input line 23.
\tcb@testbox=\box119
\tcb@totalupperbox=\box120
\tcb@totallowerbox=\box121
) (C:\Users\miadu\AppData\Local\Programs\MiKTeX\tex/latex/tcolorbox\tcbhooks.code.tex
Library (tcolorbox): 'tcbhooks.code.tex' version '6.9.0'
) (C:\Users\miadu\AppData\Local\Programs\MiKTeX\tex/latex/tcolorbox\tcbtheorems.code.tex
Library (tcolorbox): 'tcbtheorems.code.tex' version '6.9.0'
) (C:\Users\miadu\AppData\Local\Programs\MiKTeX\tex/latex/tcolorbox\tcbfitting.code.tex
Library (tcolorbox): 'tcbfitting.code.tex' version '6.9.0'
\tcbfitdim=\dimen340
\tcb@lowerfitdim=\dimen341
\tcb@upperfitdim=\dimen342
\tcb@cur@hbadness=\count368
) (C:\Users\miadu\AppData\Local\Programs\MiKTeX\tex/latex/tcolorbox\tcblistingsutf8.code.tex
Library (tcolorbox): 'tcblistingsutf8.code.tex' version '6.9.0'
(C:\Users\miadu\AppData\Local\Programs\MiKTeX\tex/latex/tcolorbox\tcblistings.code.tex
Library (tcolorbox): 'tcblistings.code.tex' version '6.9.0'
(C:\Users\miadu\AppData\Local\Programs\MiKTeX\tex/latex/tcolorbox\tcblistingscore.code.tex
Library (tcolorbox): 'tcblistingscore.code.tex' version '6.9.0'
(C:\Users\miadu\AppData\Local\Programs\MiKTeX\tex/latex/tcolorbox\tcbprocessing.code.tex
Library (tcolorbox): 'tcbprocessing.code.tex' version '6.9.0'
)
\c@tcblisting=\count369
)) (C:\Users\miadu\AppData\Local\Programs\MiKTeX\tex/latex/listingsutf8\listingsutf8.sty
Package: listingsutf8 2019-12-10 v1.5 Allow UTF-8 in listings input (HO)
 (C:\Users\miadu\AppData\Local\Programs\MiKTeX\tex/generic/stringenc\stringenc.sty
Package: stringenc 2019/11/29 v1.12 Convert strings between diff. encodings (HO)
 (C:\Users\miadu\AppData\Local\Programs\MiKTeX\tex/generic/pdfescape\pdfescape.sty
Package: pdfescape 2019/12/09 v1.15 Implements pdfTeX's escape features (HO)
)))) (C:\Users\miadu\AppData\Local\Programs\MiKTeX\tex/latex/tcolorbox\tcbexternal.code.tex
Library (tcolorbox): 'tcbexternal.code.tex' version '6.9.0'
) (C:\Users\miadu\AppData\Local\Programs\MiKTeX\tex/latex/tcolorbox\tcbmagazine.code.tex
Library (tcolorbox): 'tcbmagazine.code.tex' version '6.9.0'
) (C:\Users\miadu\AppData\Local\Programs\MiKTeX\tex/latex/tcolorbox\tcbvignette.code.tex
Library (tcolorbox): 'tcbvignette.code.tex' version '6.9.0'
) (C:\Users\miadu\AppData\Local\Programs\MiKTeX\tex/latex/tcolorbox\tcbposter.code.tex
Library (tcolorbox): 'tcbposter.code.tex' version '6.9.0'
)) (C:\Users\miadu\AppData\Local\Programs\MiKTeX\tex/latex/transparent\transparent.sty
Package: transparent 2025-06-23 v1.6 Transparency with color stacks
 (C:\Users\miadu\AppData\Local\Programs\MiKTeX\tex/latex/transparent\transparent-nometadata.sty
Package: transparent-nometadata 2025-06-23 v1.6 Transparency via pdfTeX's color stack (HO)
)) (C:\Users\miadu\AppData\Local\Programs\MiKTeX\tex/latex/base\atbegshi-ltx.sty
Package: atbegshi-ltx 2021/01/10 v1.0c Emulation of the original atbegshi
package with kernel methods
) (C:\Users\miadu\AppData\Local\Programs\MiKTeX\tex/latex/background\background.sty
Package: background 2014/03/04 v2.1 background material
 (C:\Users\miadu\AppData\Local\Programs\MiKTeX\tex/latex/everypage\everypage.sty
Package: everypage 2020/10/17 R2.0b Hooks to run on every page


Package everypage Warning: Functionality similar to this package has recently
(everypage)                been implemented in LaTeX. This package is now in
(everypage)                legacy status.
(everypage)                Please, don't use it in new documents and packages.


Package everypage Warning: You appear to be running a version of LaTeX
(everypage)                providing the new functionality.
(everypage)                Doing the best to deliver the original `everypage`
(everypage)                interface on top of it. Strict equivalence is
(everypage)                not possible, breakage may occur.
(everypage)                If truly needed, Use `everypage-1x` to force the
(everypage)                loading of an older code base.

) (C:\Users\miadu\AppData\Local\Programs\MiKTeX\tex/latex/tools\afterpage.sty
Package: afterpage 2023/07/04 v1.08 After-Page Package (DPC)
\AP@output=\toks58
\AP@partial=\box122
\AP@footins=\box123
))
\ChapterBeforeSkip=\skip137
\ChapterNumTitleGap=\skip138
\ChapterTitleRuleGap=\skip139
\ChapterAfterSkip=\skip140
 (C:\Users\miadu\AppData\Local\Programs\MiKTeX\tex/latex/fancyhdr\fancyhdr.sty
Package: fancyhdr 2025/02/07 v5.2 Extensive control of page headers and footers
\f@nch@headwidth=\skip141
\f@nch@offset@elh=\skip142
\f@nch@offset@erh=\skip143
\f@nch@offset@olh=\skip144
\f@nch@offset@orh=\skip145
\f@nch@offset@elf=\skip146
\f@nch@offset@erf=\skip147
\f@nch@offset@olf=\skip148
\f@nch@offset@orf=\skip149
\f@nch@height=\skip150
\f@nch@footalignment=\skip151
\f@nch@widthL=\skip152
\f@nch@widthC=\skip153
\f@nch@widthR=\skip154
\@temptokenb=\toks59
)
\c@qna=\count370
 (C:\Users\miadu\AppData\Local\Programs\MiKTeX\tex/latex/hyperref\hyperref.sty
Package: hyperref 2025-07-12 v7.01o Hypertext links for LaTeX
 (C:\Users\miadu\AppData\Local\Programs\MiKTeX\tex/latex/hycolor\hycolor.sty
Package: hycolor 2020-01-27 v1.10 Color options for hyperref/bookmark (HO)
) (C:\Users\miadu\AppData\Local\Programs\MiKTeX\tex/latex/hyperref\nameref.sty
Package: nameref 2025-06-21 v2.57 Cross-referencing by name of section
 (C:\Users\miadu\AppData\Local\Programs\MiKTeX\tex/latex/refcount\refcount.sty
Package: refcount 2019/12/15 v3.6 Data extraction from label references (HO)
) (C:\Users\miadu\AppData\Local\Programs\MiKTeX\tex/generic/gettitlestring\gettitlestring.sty
Package: gettitlestring 2019/12/15 v1.6 Cleanup title references (HO)
)
\c@section@level=\count371
)
\@linkdim=\dimen343
\Hy@linkcounter=\count372
\Hy@pagecounter=\count373
 (C:\Users\miadu\AppData\Local\Programs\MiKTeX\tex/latex/hyperref\pd1enc.def
File: pd1enc.def 2025-07-12 v7.01o Hyperref: PDFDocEncoding definition (HO)
Now handling font encoding PD1 ...
... no UTF-8 mapping file for font encoding PD1
) (C:\Users\miadu\AppData\Local\Programs\MiKTeX\tex/generic/intcalc\intcalc.sty
Package: intcalc 2019/12/15 v1.3 Expandable calculations with integers (HO)
)
\Hy@SavedSpaceFactor=\count374
 (C:\Users\miadu\AppData\Local\Programs\MiKTeX\tex/latex/hyperref\puenc.def
File: puenc.def 2025-07-12 v7.01o Hyperref: PDF Unicode definition (HO)
Now handling font encoding PU ...
... no UTF-8 mapping file for font encoding PU
)
Package hyperref Info: Hyper figures OFF on input line 4195.
Package hyperref Info: Link nesting OFF on input line 4200.
Package hyperref Info: Hyper index ON on input line 4203.
Package hyperref Info: Plain pages OFF on input line 4210.
Package hyperref Info: Backreferencing OFF on input line 4215.
Package hyperref Info: Implicit mode ON; LaTeX internals redefined.
Package hyperref Info: Bookmarks ON on input line 4462.
\c@Hy@tempcnt=\count375
 (C:\Users\miadu\AppData\Local\Programs\MiKTeX\tex/latex/url\url.sty
\Urlmuskip=\muskip18
Package: url 2013/09/16  ver 3.4  Verb mode for urls, etc.
)
LaTeX Info: Redefining \url on input line 4801.
\XeTeXLinkMargin=\dimen344
 (C:\Users\miadu\AppData\Local\Programs\MiKTeX\tex/generic/bitset\bitset.sty
Package: bitset 2019/12/09 v1.3 Handle bit-vector datatype (HO)
 (C:\Users\miadu\AppData\Local\Programs\MiKTeX\tex/generic/bigintcalc\bigintcalc.sty
Package: bigintcalc 2019/12/15 v1.5 Expandable calculations on big integers (HO)
))
\Fld@menulength=\count376
\Field@Width=\dimen345
\Fld@charsize=\dimen346
Package hyperref Info: Hyper figures OFF on input line 6078.
Package hyperref Info: Link nesting OFF on input line 6083.
Package hyperref Info: Hyper index ON on input line 6086.
Package hyperref Info: backreferencing OFF on input line 6093.
Package hyperref Info: Link coloring OFF on input line 6098.
Package hyperref Info: Link coloring with OCG OFF on input line 6103.
Package hyperref Info: PDF/A mode OFF on input line 6108.
\Hy@abspage=\count377
\c@Item=\count378
\c@Hfootnote=\count379
)
Package hyperref Info: Driver (autodetected): hpdftex.
 (C:\Users\miadu\AppData\Local\Programs\MiKTeX\tex/latex/hyperref\hpdftex.def
File: hpdftex.def 2025-07-12 v7.01o Hyperref driver for pdfTeX
\HyAnn@Count=\count380
\Fld@listcount=\count381
\c@bookmark@seq@number=\count382
 (C:\Users\miadu\AppData\Local\Programs\MiKTeX\tex/latex/rerunfilecheck\rerunfilecheck.sty
Package: rerunfilecheck 2025-06-21 v1.11 Rerun checks for auxiliary files (HO)
 (C:\Users\miadu\AppData\Local\Programs\MiKTeX\tex/generic/uniquecounter\uniquecounter.sty
Package: uniquecounter 2019/12/15 v1.4 Provide unlimited unique counter (HO)
)
Package uniquecounter Info: New unique counter `rerunfilecheck' on input line 284.
)
\Hy@SectionHShift=\skip155
)
Package hyperref Info: Option `colorlinks' set `true' on input line 971.
Package hyperref Info: Option `bookmarksopen' set `true' on input line 971.
Package hyperref Info: Option `bookmarksnumbered' set `true' on input line 971.
) (main.aux)
\openout1 = `main.aux'.

LaTeX Font Info:    Checking defaults for OML/cmm/m/it on input line 32.
LaTeX Font Info:    ... okay on input line 32.
LaTeX Font Info:    Checking defaults for OMS/cmsy/m/n on input line 32.
LaTeX Font Info:    ... okay on input line 32.
LaTeX Font Info:    Checking defaults for OT1/cmr/m/n on input line 32.
LaTeX Font Info:    ... okay on input line 32.
LaTeX Font Info:    Checking defaults for T1/cmr/m/n on input line 32.
LaTeX Font Info:    ... okay on input line 32.
LaTeX Font Info:    Checking defaults for TS1/cmr/m/n on input line 32.
LaTeX Font Info:    ... okay on input line 32.
LaTeX Font Info:    Checking defaults for OMX/cmex/m/n on input line 32.
LaTeX Font Info:    ... okay on input line 32.
LaTeX Font Info:    Checking defaults for U/cmr/m/n on input line 32.
LaTeX Font Info:    ... okay on input line 32.
LaTeX Font Info:    Checking defaults for PD1/pdf/m/n on input line 32.
LaTeX Font Info:    ... okay on input line 32.
LaTeX Font Info:    Checking defaults for PU/pdf/m/n on input line 32.
LaTeX Font Info:    ... okay on input line 32.

*geometry* driver: auto-detecting
*geometry* detected driver: pdftex
*geometry* verbose mode - [ preamble ] result:
* driver: pdftex
* paper: a4paper
* layout: <same size as paper>
* layoutoffset:(h,v)=(0.0pt,0.0pt)
* modes: twoside 
* h-part:(L,W,R)=(42.67912pt, 512.14963pt, 42.67912pt)
* v-part:(T,H,B)=(56.9055pt, 759.6886pt, 28.45274pt)
* \paperwidth=597.50787pt
* \paperheight=845.04684pt
* \textwidth=512.14963pt
* \textheight=759.6886pt
* \oddsidemargin=-29.59087pt
* \evensidemargin=-29.59087pt
* \topmargin=-49.36449pt
* \headheight=24.0pt
* \headsep=10.0pt
* \topskip=11.0pt
* \footskip=21.33955pt
* \marginparwidth=106.0pt
* \marginparsep=7.0pt
* \columnsep=10.0pt
* \skip\footins=10.0pt plus 4.0pt minus 2.0pt
* \hoffset=0.0pt
* \voffset=0.0pt
* \mag=1000
* \@twocolumnfalse
* \@twosidetrue
* \@mparswitchtrue
* \@reversemarginfalse
* (1in=72.27pt=25.4mm, 1cm=28.453pt)

LaTeX Info: Redefining \celsius on input line 32.
Package gensymb Info: Faking symbols for \degree and \celsius on input line 32.

Package gensymb Warning: Not defining \perthousand.

LaTeX Info: Redefining \ohm on input line 32.
Package gensymb Info: Using \Omega for \ohm on input line 32.

Package gensymb Warning: Not defining \micro.

(C:\Users\miadu\AppData\Local\Programs\MiKTeX\tex/context/base/mkii\supp-pdf.mkii
[Loading MPS to PDF converter (version 2006.09.02).]
\scratchcounter=\count383
\scratchdimen=\dimen347
\scratchbox=\box124
\nofMPsegments=\count384
\nofMParguments=\count385
\everyMPshowfont=\toks60
\MPscratchCnt=\count386
\MPscratchDim=\dimen348
\MPnumerator=\count387
\makeMPintoPDFobject=\count388
\everyMPtoPDFconversion=\toks61
) (C:\Users\miadu\AppData\Local\Programs\MiKTeX\tex/latex/epstopdf-pkg\epstopdf-base.sty
Package: epstopdf-base 2020-01-24 v2.11 Base part for package epstopdf
Package epstopdf-base Info: Redefining graphics rule for `.eps' on input line 485.
 (C:\Users\miadu\AppData\Local\Programs\MiKTeX\tex/latex/00miktex\epstopdf-sys.cfg
File: epstopdf-sys.cfg 2021/03/18 v2.0 Configuration of epstopdf for MiKTeX
))
Package caption Info: Begin \AtBeginDocument code.
Package caption Info: float package is loaded.
Package caption Info: hyperref package is loaded.
Package caption Info: listings package is loaded.
Package caption Info: longtable package is loaded.
 (C:\Users\miadu\AppData\Local\Programs\MiKTeX\tex/latex/caption\ltcaption.sty
Package: ltcaption 2021/01/08 v1.4c longtable captions (AR)
)
Package caption Info: End \AtBeginDocument code.
\c@lstlisting=\count389
Package hyperref Info: Link coloring ON on input line 32.
 (main.out) (main.out)
\@outlinefile=\write4
\openout4 = `main.out'.

 (main.toc
LaTeX Font Info:    Trying to load font information for U+msa on input line 2.
 (C:\Users\miadu\AppData\Local\Programs\MiKTeX\tex/latex/amsfonts\umsa.fd
File: umsa.fd 2013/01/14 v3.01 AMS symbols A
)
LaTeX Font Info:    Trying to load font information for U+msb on input line 2.
 (C:\Users\miadu\AppData\Local\Programs\MiKTeX\tex/latex/amsfonts\umsb.fd
File: umsb.fd 2013/01/14 v3.01 AMS symbols B
)
LaTeX Font Info:    Font shape `T1/calligra/m/n' will be
(Font)              scaled to size 8.64001pt on input line 53.
 [1{C:/Users/miadu/AppData/Local/MiKTeX/fonts/map/pdftex/pdftex.map}{C:/Users/miadu/AppData/Local/Programs/MiKTeX/fonts/enc/dvips/cm-super/cm-super-t1.enc}


] [2] [3])
\tf@toc=\write5
\openout5 = `main.toc'.

 [4] (Chapters/Chapter4.tex
Chapter 1.
contour: Using real outline for `\textcolor {defcolor}{\textsc {\normalsize \bfseries Internet}}' on input line 7.
contour: Using real outline for `\textcolor {defcolor}{\textsc {\normalsize \bfseries World Wide Web}}' on input line 11.
contour: Using real outline for `\textcolor {defcolor}{\textsc {\normalsize \bfseries Hypertext document file}}' on input line 29.
contour: Using real outline for `\textcolor {defcolor}{\textsc {\normalsize \bfseries Webpage}}' on input line 37.
contour: Using real outline for `\textcolor {defcolor}{\textsc {\normalsize \bfseries Website}}' on input line 41.
contour: Using real outline for `\textcolor {defcolor}{\textsc {\normalsize \bfseries Web design}}' on input line 45.
[5

]
contour: Using real outline for `\textcolor {summarycolor}{\textsc {\normalsize \bfseries Core Idea}}' on input line 59.
contour: Using real outline for `\textcolor {defcolor}{\textsc {\normalsize \bfseries Website Structure}}' on input line 81.
[6]
contour: Using real outline for `\textcolor {defcolor}{\textsc {\normalsize \bfseries Web Portal}}' on input line 134.
contour: Using real outline for `\textcolor {defcolor}{\textsc {\normalsize \bfseries Static Website}}' on input line 157.
[7]
contour: Using real outline for `\textcolor {defcolor}{\textsc {\normalsize \bfseries Dynamic Website}}' on input line 193.
[8] [9]
contour: Using real outline for `\textcolor {summarycolor}{\textsc {\normalsize \bfseries Summary}}' on input line 303.
contour: Using real outline for `\textcolor {defcolor}{\textsc {\normalsize \bfseries Web Browser}}' on input line 312.
contour: Using real outline for `\textcolor {defcolor}{\textsc {\normalsize \bfseries Web Browsing}}' on input line 333.
contour: Using real outline for `\textcolor {defcolor}{\textsc {\normalsize \bfseries Search Engine}}' on input line 347.
[10]
Overfull \hbox (23.7743pt too wide) in paragraph at lines 360--361
[]\T1/cmr/m/n/10.95 Example: Google, Bing, Ya-hoo, Duck-DuckGo, Ask, Yan-dex, Baidu, Wol-fra-mAl-pha (com-pu-ta-tional information-
 []

contour: Using real outline for `\textcolor {summarycolor}{\textsc {\normalsize \bfseries Summary}}' on input line 395.
contour: Using real outline for `\textcolor {defcolor}{\textsc {\normalsize \bfseries IP Address}}' on input line 400.
[11]
contour: Using real outline for `\textcolor {examplecolor}{\textsc {\normalsize \bfseries Example~1.1}}' on input line 439.
contour: Using real outline for `\textcolor {defcolor}{\textsc {\normalsize \bfseries Domain Name}}' on input line 454.
contour: Using real outline for `\textcolor {defcolor}{\textsc {\normalsize \bfseries DNS}}' on input line 460.
contour: Using real outline for `\textcolor {summarycolor}{\textsc {\normalsize \bfseries The Bridge}}' on input line 464.
[12]
contour: Using real outline for `\textcolor {infocolor}{\textsc {\normalsize \bfseries Example: Domain Structure}}' on input line 505.

LaTeX Font Warning: Command \small invalid in math mode on input line 508.


LaTeX Font Warning: Command \small invalid in math mode on input line 516.

[13]
contour: Using real outline for `\textcolor {defcolor}{\textsc {\normalsize \bfseries Web Hosting}}' on input line 566.

Overfull \hbox (5.32668pt too wide) in paragraph at lines 582--583
[][]\T1/cmr/bx/n/10.95 Windows Host-ing[]\T1/cmr/m/n/10.95 : Host-ing on a Win-dows server. It is mainly used for web-sites made with ASP/ASP.NET
 []

[14]
Chapters/Chapter4.tex:631: ignored error: Infinite glue shrinkage found in box being split [15]
contour: Using real outline for `\textcolor {defcolor}{\textsc {\normalsize \bfseries URL}}' on input line 637.
contour: Using real outline for `\textcolor {formulacolor}{\textsc {\normalsize \bfseries Structure of URL}}' on input line 651.
contour: Using real outline for `\textcolor {infocolor}{\textsc {\normalsize \bfseries Example: URL Structure}}' on input line 664.

LaTeX Font Warning: Command \small invalid in math mode on input line 667.


LaTeX Font Warning: Command \small invalid in math mode on input line 677.

contour: Using real outline for `\textcolor {summarycolor}{\textsc {\normalsize \bfseries Summary}}' on input line 689.
contour: Using real outline for `\textcolor {defcolor}{\textsc {\normalsize \bfseries Protocol}}' on input line 696.
[16]
contour: Using real outline for `\textcolor {defcolor}{\textsc {\normalsize \bfseries HTTP}}' on input line 714.
contour: Using real outline for `\textcolor {defcolor}{\textsc {\normalsize \bfseries FTP}}' on input line 731.
[17]
contour: Using real outline for `\textcolor {summarycolor}{\textsc {\normalsize \bfseries HTTP vs FTP}}' on input line 753.
contour: Using real outline for `\textcolor {defcolor}{\textsc {\normalsize \bfseries Web Communication}}' on input line 761.
[18]
contour: Using real outline for `\textcolor {summarycolor}{\textsc {\normalsize \bfseries Web Working Flow}}' on input line 817.
Chapters/Chapter4.tex:865: ignored error: Infinite glue shrinkage found in box being split [19]
contour: Using real outline for `\textcolor {defcolor}{\textsc {\normalsize \bfseries HTML}}' on input line 870.
[20]
contour: Using real outline for `\textcolor {summarycolor}{\textsc {\normalsize \bfseries Summary}}' on input line 928.
contour: Using real outline for `\textcolor {defcolor}{\textsc {\normalsize \bfseries HTML Tag}}' on input line 934.
contour: Using real outline for `\textcolor {formulacolor}{\textsc {\normalsize \bfseries Basic HTML Tag Syntax}}' on input line 938.
[21]
contour: Using real outline for `\textcolor {defcolor}{\textsc {\normalsize \bfseries HTML Element}}' on input line 964.
contour: Using real outline for `\textcolor {formulacolor}{\textsc {\normalsize \bfseries Element Structure}}' on input line 968.
contour: Using real outline for `\textcolor {defcolor}{\textsc {\normalsize \bfseries Attribute}}' on input line 977.
contour: Using real outline for `\textcolor {formulacolor}{\textsc {\normalsize \bfseries Attribute Syntax}}' on input line 981.
(C:\Users\miadu\AppData\Local\Programs\MiKTeX\tex/latex/listings\lstlang1.sty
File: lstlang1.sty 2025/11/14 1.11b listings language file
) (C:\Users\miadu\AppData\Local\Programs\MiKTeX\tex/latex/listings\lstmisc.sty
File: lstmisc.sty 2025/11/14 1.11b (Carsten Heinz)
)
Package hyperref Info: bookmark level for unknown lstlisting defaults to 0 on input line 997.
LaTeX Font Info:    Font shape `T1/cmtt/bx/n' in size <10> not available
(Font)              Font shape `T1/cmtt/m/n' tried instead on input line 998.
 [22]
<html_outputs/listing-01-element-and-attribute-parts.pdf, id=1024, 433.62pt x 19.79094pt>
File: html_outputs/listing-01-element-and-attribute-parts.pdf Graphic file (type pdf)
<use html_outputs/listing-01-element-and-attribute-parts.pdf>
Package pdftex.def Info: html_outputs/listing-01-element-and-attribute-parts.pdf  used on input line 1003.
(pdftex.def)             Requested size: 398.07608pt x 18.16951pt.
<html_outputs/listing-02-html-comment.pdf, id=1025, 433.62pt x 45.2892pt>
File: html_outputs/listing-02-html-comment.pdf Graphic file (type pdf)
<use html_outputs/listing-02-html-comment.pdf>
Package pdftex.def Info: html_outputs/listing-02-html-comment.pdf  used on input line 1023.
(pdftex.def)             Requested size: 398.07608pt x 41.57878pt.

contour: Using real outline for `\textcolor {defcolor}{\textsc {\normalsize \bfseries HTML Document Structure}}' on input line 1029.
[23 <./html_outputs/listing-01-element-and-attribute-parts.pdf> <./html_outputs/listing-02-html-comment.pdf>]
<html_outputs/listing-03-basic-html-document-structure.pdf, id=1055, 433.62pt x 25.5896pt>
File: html_outputs/listing-03-basic-html-document-structure.pdf Graphic file (type pdf)
<use html_outputs/listing-03-basic-html-document-structure.pdf>
Package pdftex.def Info: html_outputs/listing-03-basic-html-document-structure.pdf  used on input line 1050.
(pdftex.def)             Requested size: 398.07608pt x 23.4931pt.
<html_outputs/01-basic-skeleton.png, id=1056, 605.26125pt x 203.76125pt>
File: html_outputs/01-basic-skeleton.png Graphic file (type png)
<use html_outputs/01-basic-skeleton.png>
Package pdftex.def Info: html_outputs/01-basic-skeleton.png  used on input line 1056.
(pdftex.def)             Requested size: 113.81102pt x 38.31395pt.

Overfull \hbox (8.94557pt too wide) in paragraph at lines 1060--1061
\T1/cmr/m/n/10.95 The head sec-tion con-tains document-related in-for-ma-tion such as doc-u-ment ti-tle, meta-data, key-words, stylesheet
 []

Chapters/Chapter4.tex:1090: ignored error: Infinite glue shrinkage found in box being split [24 <./html_outputs/listing-03-basic-html-document-structure.pdf> <./html_outputs/01-basic-skeleton.png (PNG copy)>]
contour: Using real outline for `\textcolor {summarycolor}{\textsc {\normalsize \bfseries Summary}}' on input line 1118.
[25]
<html_outputs/listing-04-heading-levels.pdf, id=1082, 433.62pt x 56.18993pt>
File: html_outputs/listing-04-heading-levels.pdf Graphic file (type pdf)
<use html_outputs/listing-04-heading-levels.pdf>
Package pdftex.def Info: html_outputs/listing-04-heading-levels.pdf  used on input line 1163.
(pdftex.def)             Requested size: 398.07608pt x 51.58646pt.
 [26]
<html_outputs/paragraph-line-break-output.pdf, id=1092, 572.1375pt x 60.4659pt>
File: html_outputs/paragraph-line-break-output.pdf Graphic file (type pdf)
<use html_outputs/paragraph-line-break-output.pdf>
Package pdftex.def Info: html_outputs/paragraph-line-break-output.pdf  used on input line 1180.
(pdftex.def)             Requested size: 398.07608pt x 42.07025pt.
<html_outputs/horizontal-rule-output.pdf, id=1093, 572.1375pt x 53.9616pt>
File: html_outputs/horizontal-rule-output.pdf Graphic file (type pdf)
<use html_outputs/horizontal-rule-output.pdf>
Package pdftex.def Info: html_outputs/horizontal-rule-output.pdf  used on input line 1201.
(pdftex.def)             Requested size: 398.07608pt x 37.54477pt.
 [27 <./html_outputs/listing-04-heading-levels.pdf> <./html_outputs/paragraph-line-break-output.pdf> <./html_outputs/horizontal-rule-output.pdf>]
<html_outputs/listing-07-old-hr-attributes.pdf, id=1131, 433.62pt x 15.22789pt>
File: html_outputs/listing-07-old-hr-attributes.pdf Graphic file (type pdf)
<use html_outputs/listing-07-old-hr-attributes.pdf>
Package pdftex.def Info: html_outputs/listing-07-old-hr-attributes.pdf  used on input line 1220.
(pdftex.def)             Requested size: 398.07608pt x 13.9803pt.
<html_outputs/whitespace-collapsing-output.pdf, id=1132, 572.1375pt x 27.9444pt>
File: html_outputs/whitespace-collapsing-output.pdf Graphic file (type pdf)
<use html_outputs/whitespace-collapsing-output.pdf>
Package pdftex.def Info: html_outputs/whitespace-collapsing-output.pdf  used on input line 1246.
(pdftex.def)             Requested size: 398.07608pt x 19.44281pt.
 [28 <./html_outputs/listing-07-old-hr-attributes.pdf> <./html_outputs/whitespace-collapsing-output.pdf>]
<html_outputs/nonbreaking-space-output.pdf, id=1155, 572.1375pt x 24.60794pt>
File: html_outputs/nonbreaking-space-output.pdf Graphic file (type pdf)
<use html_outputs/nonbreaking-space-output.pdf>
Package pdftex.def Info: html_outputs/nonbreaking-space-output.pdf  used on input line 1265.
(pdftex.def)             Requested size: 398.07608pt x 17.12143pt.
 [29 <./html_outputs/nonbreaking-space-output.pdf>]
<html_outputs/listing-10-text-formatting-example.pdf, id=1171, 433.62pt x 122.69438pt>
File: html_outputs/listing-10-text-formatting-example.pdf Graphic file (type pdf)
<use html_outputs/listing-10-text-formatting-example.pdf>
Package pdftex.def Info: html_outputs/listing-10-text-formatting-example.pdf  used on input line 1313.
(pdftex.def)             Requested size: 398.07608pt x 112.64241pt.
<html_outputs/listing-11-visual-and-meaningful-formatting.pdf, id=1172, 433.62pt x 89.45721pt>
File: html_outputs/listing-11-visual-and-meaningful-formatting.pdf Graphic file (type pdf)
<use html_outputs/listing-11-visual-and-meaningful-formatting.pdf>
Package pdftex.def Info: html_outputs/listing-11-visual-and-meaningful-formatting.pdf  used on input line 1337.
(pdftex.def)             Requested size: 398.07608pt x 82.12825pt.
 [30 <./html_outputs/listing-10-text-formatting-example.pdf> <./html_outputs/listing-11-visual-and-meaningful-formatting.pdf>]
<html_outputs/listing-12-formula-and-correction-tags.pdf, id=1223, 433.62pt x 96.9211pt>
File: html_outputs/listing-12-formula-and-correction-tags.pdf Graphic file (type pdf)
<use html_outputs/listing-12-formula-and-correction-tags.pdf>
Package pdftex.def Info: html_outputs/listing-12-formula-and-correction-tags.pdf  used on input line 1360.
(pdftex.def)             Requested size: 398.07608pt x 88.98065pt.
<html_outputs/listing-13-old-text-tags.pdf, id=1224, 433.62pt x 70.94304pt>
File: html_outputs/listing-13-old-text-tags.pdf Graphic file (type pdf)
<use html_outputs/listing-13-old-text-tags.pdf>
Package pdftex.def Info: html_outputs/listing-13-old-text-tags.pdf  used on input line 1384.
(pdftex.def)             Requested size: 398.07608pt x 65.13087pt.
 [31 <./html_outputs/listing-12-formula-and-correction-tags.pdf> <./html_outputs/listing-13-old-text-tags.pdf>]
contour: Using real outline for `\textcolor {formulacolor}{\textsc {\normalsize \bfseries Old Font Tag Syntax}}' on input line 1399.

Overfull \hbox (19.35986pt too wide) in paragraph at lines 1426--1427
[][]\T1/cmr/bx/n/10.95 RGB col-ors[]\T1/cmr/m/n/10.95 : Writ-ten as \T1/cmtt/m/n/10.95 rgb(red, green, blue)\T1/cmr/m/n/10.95 , where each value is from 0 to 255. Ex-am-ple: \T1/cmtt/m/n/10.95 rgb(255,0,0)
 []

[32]
<html_outputs/listing-14-font-styling-with-css.pdf, id=1259, 433.62pt x 19.31918pt>
File: html_outputs/listing-14-font-styling-with-css.pdf Graphic file (type pdf)
<use html_outputs/listing-14-font-styling-with-css.pdf>
Package pdftex.def Info: html_outputs/listing-14-font-styling-with-css.pdf  used on input line 1465.
(pdftex.def)             Requested size: 398.07608pt x 17.7364pt.
 [33 <./html_outputs/listing-14-font-styling-with-css.pdf>]
<html_outputs/listing-15-utf-8-and-unicode-bangla.pdf, id=1287, 433.62pt x 18.8976pt>
File: html_outputs/listing-15-utf-8-and-unicode-bangla.pdf Graphic file (type pdf)
<use html_outputs/listing-15-utf-8-and-unicode-bangla.pdf>
Package pdftex.def Info: html_outputs/listing-15-utf-8-and-unicode-bangla.pdf  used on input line 1494.
(pdftex.def)             Requested size: 398.07608pt x 17.34937pt.
<html_outputs/listing-16-marquee-variations.pdf, id=1288, 433.62pt x 63.47113pt>
File: html_outputs/listing-16-marquee-variations.pdf Graphic file (type pdf)
<use html_outputs/listing-16-marquee-variations.pdf>
Package pdftex.def Info: html_outputs/listing-16-marquee-variations.pdf  used on input line 1533.
(pdftex.def)             Requested size: 398.07608pt x 58.27113pt.
 [34 <./html_outputs/listing-15-utf-8-and-unicode-bangla.pdf>]
<html_outputs/listing-17-ordered-list.pdf, id=1309, 433.62pt x 55.76132pt>
File: html_outputs/listing-17-ordered-list.pdf Graphic file (type pdf)
<use html_outputs/listing-17-ordered-list.pdf>
Package pdftex.def Info: html_outputs/listing-17-ordered-list.pdf  used on input line 1561.
(pdftex.def)             Requested size: 398.07608pt x 51.19296pt.
 [35 <./html_outputs/listing-16-marquee-variations.pdf> <./html_outputs/listing-17-ordered-list.pdf>]
<html_outputs/listing-18-ordered-list-type-and-start.pdf, id=1345, 433.62pt x 134.07991pt>
File: html_outputs/listing-18-ordered-list-type-and-start.pdf Graphic file (type pdf)
<use html_outputs/listing-18-ordered-list-type-and-start.pdf>
Package pdftex.def Info: html_outputs/listing-18-ordered-list-type-and-start.pdf  used on input line 1588.
(pdftex.def)             Requested size: 398.07608pt x 123.09517pt.
<html_outputs/listing-19-unordered-list.pdf, id=1346, 433.62pt x 55.7834pt>
File: html_outputs/listing-19-unordered-list.pdf Graphic file (type pdf)
<use html_outputs/listing-19-unordered-list.pdf>
Package pdftex.def Info: html_outputs/listing-19-unordered-list.pdf  used on input line 1612.
(pdftex.def)             Requested size: 398.07608pt x 51.21324pt.
 [36 <./html_outputs/listing-18-ordered-list-type-and-start.pdf> <./html_outputs/listing-19-unordered-list.pdf>]
<html_outputs/listing-20-unordered-list-marker-types.pdf, id=1379, 433.62pt x 67.61862pt>
File: html_outputs/listing-20-unordered-list-marker-types.pdf Graphic file (type pdf)
<use html_outputs/listing-20-unordered-list-marker-types.pdf>
Package pdftex.def Info: html_outputs/listing-20-unordered-list-marker-types.pdf  used on input line 1635.
(pdftex.def)             Requested size: 398.07608pt x 62.07883pt.
<html_outputs/listing-21-description-list.pdf, id=1380, 433.62pt x 70.23138pt>
File: html_outputs/listing-21-description-list.pdf Graphic file (type pdf)
<use html_outputs/listing-21-description-list.pdf>
Package pdftex.def Info: html_outputs/listing-21-description-list.pdf  used on input line 1659.
(pdftex.def)             Requested size: 398.07608pt x 64.47754pt.
 [37 <./html_outputs/listing-20-unordered-list-marker-types.pdf> <./html_outputs/listing-21-description-list.pdf>]
<html_outputs/listing-22-nested-list.pdf, id=1421, 433.62pt x 82.26836pt>
File: html_outputs/listing-22-nested-list.pdf Graphic file (type pdf)
<use html_outputs/listing-22-nested-list.pdf>
Package pdftex.def Info: html_outputs/listing-22-nested-list.pdf  used on input line 1680.
(pdftex.def)             Requested size: 398.07608pt x 75.52837pt.
<html_outputs/listing-23-old-list-tags.pdf, id=1422, 433.62pt x 52.52524pt>
File: html_outputs/listing-23-old-list-tags.pdf Graphic file (type pdf)
<use html_outputs/listing-23-old-list-tags.pdf>
Package pdftex.def Info: html_outputs/listing-23-old-list-tags.pdf  used on input line 1699.
(pdftex.def)             Requested size: 398.07608pt x 48.222pt.

contour: Using real outline for `\textcolor {summarycolor}{\textsc {\normalsize \bfseries Summary}}' on input line 1710.
contour: Using real outline for `\textcolor {defcolor}{\textsc {\normalsize \bfseries Hyperlink}}' on input line 1715.
[38 <./html_outputs/listing-22-nested-list.pdf> <./html_outputs/listing-23-old-list-tags.pdf>]
contour: Using real outline for `\textcolor {formulacolor}{\textsc {\normalsize \bfseries Hyperlink Syntax}}' on input line 1722.
<html_outputs/listing-24-basic-anchor-link.pdf, id=1456, 433.62pt x 20.28076pt>
File: html_outputs/listing-24-basic-anchor-link.pdf Graphic file (type pdf)
<use html_outputs/listing-24-basic-anchor-link.pdf>
Package pdftex.def Info: html_outputs/listing-24-basic-anchor-link.pdf  used on input line 1735.
(pdftex.def)             Requested size: 398.07608pt x 18.6192pt.
Chapters/Chapter4.tex:1760: ignored error: Infinite glue shrinkage found in box being split [39 <./html_outputs/listing-24-basic-anchor-link.pdf>]
<html_outputs/listing-25-internal-and-external-links.pdf, id=1473, 433.62pt x 67.01738pt>
File: html_outputs/listing-25-internal-and-external-links.pdf Graphic file (type pdf)
<use html_outputs/listing-25-internal-and-external-links.pdf>
Package pdftex.def Info: html_outputs/listing-25-internal-and-external-links.pdf  used on input line 1790.
(pdftex.def)             Requested size: 398.07608pt x 61.52684pt.
 [40 <./html_outputs/listing-25-internal-and-external-links.pdf>]
<html_outputs/listing-26-common-link-variations.pdf, id=1497, 433.62pt x 38.65039pt>
File: html_outputs/listing-26-common-link-variations.pdf Graphic file (type pdf)
<use html_outputs/listing-26-common-link-variations.pdf>
Package pdftex.def Info: html_outputs/listing-26-common-link-variations.pdf  used on input line 1808.
(pdftex.def)             Requested size: 398.07608pt x 35.48387pt.
<html_outputs/listing-27-target-and-download-links.pdf, id=1498, 433.62pt x 21.0386pt>
File: html_outputs/listing-27-target-and-download-links.pdf Graphic file (type pdf)
<use html_outputs/listing-27-target-and-download-links.pdf>
Package pdftex.def Info: html_outputs/listing-27-target-and-download-links.pdf  used on input line 1833.
(pdftex.def)             Requested size: 398.07608pt x 19.31497pt.
 [41 <./html_outputs/listing-26-common-link-variations.pdf> <./html_outputs/listing-27-target-and-download-links.pdf>]
<html_outputs/listing-28-head-link-tags.pdf, id=1529, 433.62pt x 48.18pt>
File: html_outputs/listing-28-head-link-tags.pdf Graphic file (type pdf)
<use html_outputs/listing-28-head-link-tags.pdf>
Package pdftex.def Info: html_outputs/listing-28-head-link-tags.pdf  used on input line 1857.
(pdftex.def)             Requested size: 398.07608pt x 44.23274pt.

contour: Using real outline for `\textcolor {defcolor}{\textsc {\normalsize \bfseries Image Tag}}' on input line 1871.
contour: Using real outline for `\textcolor {formulacolor}{\textsc {\normalsize \bfseries Image Syntax}}' on input line 1894.
[42 <./html_outputs/listing-28-head-link-tags.pdf>]
<html_outputs/listing-29-image-with-size-and-tooltip-local.pdf, id=1537, 433.62pt x 149.1171pt>
File: html_outputs/listing-29-image-with-size-and-tooltip-local.pdf Graphic file (type pdf)
<use html_outputs/listing-29-image-with-size-and-tooltip-local.pdf>
Package pdftex.def Info: html_outputs/listing-29-image-with-size-and-tooltip-local.pdf  used on input line 1923.
(pdftex.def)             Requested size: 398.07608pt x 136.90042pt.
 [43 <./html_outputs/listing-29-image-with-size-and-tooltip-local.pdf>]
<html_outputs/listing-30-image-path-variations.pdf, id=1556, 433.62pt x 94.4328pt>
File: html_outputs/listing-30-image-path-variations.pdf Graphic file (type pdf)
<use html_outputs/listing-30-image-path-variations.pdf>
Package pdftex.def Info: html_outputs/listing-30-image-path-variations.pdf  used on input line 1947.
(pdftex.def)             Requested size: 398.07608pt x 86.69621pt.
<html_outputs/listing-31-old-image-attributes.pdf, id=1557, 433.62pt x 69.6201pt>
File: html_outputs/listing-31-old-image-attributes.pdf Graphic file (type pdf)
<use html_outputs/listing-31-old-image-attributes.pdf>
Package pdftex.def Info: html_outputs/listing-31-old-image-attributes.pdf  used on input line 1972.
(pdftex.def)             Requested size: 398.07608pt x 63.91634pt.
 [44 <./html_outputs/listing-30-image-path-variations.pdf> <./html_outputs/listing-31-old-image-attributes.pdf>]
<html_outputs/listing-32-image-link.pdf, id=1589, 433.62pt x 87.9285pt>
File: html_outputs/listing-32-image-link.pdf Graphic file (type pdf)
<use html_outputs/listing-32-image-link.pdf>
Package pdftex.def Info: html_outputs/listing-32-image-link.pdf  used on input line 1992.
(pdftex.def)             Requested size: 398.07608pt x 80.7248pt.
<html_outputs/listing-33-image-map-example.pdf, id=1590, 433.62pt x 142.13101pt>
File: html_outputs/listing-33-image-map-example.pdf Graphic file (type pdf)
<use html_outputs/listing-33-image-map-example.pdf>
Package pdftex.def Info: html_outputs/listing-33-image-map-example.pdf  used on input line 2027.
(pdftex.def)             Requested size: 398.07608pt x 130.48666pt.
 [45 <./html_outputs/listing-32-image-link.pdf>]
contour: Using real outline for `\textcolor {summarycolor}{\textsc {\normalsize \bfseries Summary}}' on input line 2032.
<html_outputs/listing-34-audio-and-video-example.pdf, id=1614, 433.62pt x 52.998pt>
File: html_outputs/listing-34-audio-and-video-example.pdf Graphic file (type pdf)
<use html_outputs/listing-34-audio-and-video-example.pdf>
Package pdftex.def Info: html_outputs/listing-34-audio-and-video-example.pdf  used on input line 2052.
(pdftex.def)             Requested size: 398.07608pt x 48.65604pt.
<html_outputs/listing-35-iframe-example.pdf, id=1615, 433.62pt x 133.9404pt>
File: html_outputs/listing-35-iframe-example.pdf Graphic file (type pdf)
<use html_outputs/listing-35-iframe-example.pdf>
Package pdftex.def Info: html_outputs/listing-35-iframe-example.pdf  used on input line 2066.
(pdftex.def)             Requested size: 398.07608pt x 122.96709pt.
[46 <./html_outputs/listing-33-image-map-example.pdf> <./html_outputs/listing-34-audio-and-video-example.pdf>]
<html_outputs/listing-36-old-frameset-example.pdf, id=1655, 433.62pt x 123.5817pt>
File: html_outputs/listing-36-old-frameset-example.pdf Graphic file (type pdf)
<use html_outputs/listing-36-old-frameset-example.pdf>
Package pdftex.def Info: html_outputs/listing-36-old-frameset-example.pdf  used on input line 2083.
(pdftex.def)             Requested size: 398.07608pt x 113.45703pt.

contour: Using real outline for `\textcolor {defcolor}{\textsc {\normalsize \bfseries HTML Table}}' on input line 2096.
[47 <./html_outputs/listing-35-iframe-example.pdf> <./html_outputs/listing-36-old-frameset-example.pdf>]
<html_outputs/listing-37-basic-html-table.pdf, id=1686, 433.62pt x 71.83638pt>
File: html_outputs/listing-37-basic-html-table.pdf Graphic file (type pdf)
<use html_outputs/listing-37-basic-html-table.pdf>
Package pdftex.def Info: html_outputs/listing-37-basic-html-table.pdf  used on input line 2139.
(pdftex.def)             Requested size: 398.07608pt x 65.95105pt.
 [48 <./html_outputs/listing-37-basic-html-table.pdf>]
<html_outputs/listing-38-unequal-table-cells.pdf, id=1716, 433.62pt x 58.5387pt>
File: html_outputs/listing-38-unequal-table-cells.pdf Graphic file (type pdf)
<use html_outputs/listing-38-unequal-table-cells.pdf>
Package pdftex.def Info: html_outputs/listing-38-unequal-table-cells.pdf  used on input line 2169.
(pdftex.def)             Requested size: 398.07608pt x 53.7428pt.

Chapters/Chapter4.tex:2196: ignored error: Infinite glue shrinkage found in box being split [49 <./html_outputs/listing-38-unequal-table-cells.pdf>]
<html_outputs/listing-39-cellspacing-and-cellpadding.pdf, id=1741, 433.62pt x 97.5645pt>
File: html_outputs/listing-39-cellspacing-and-cellpadding.pdf Graphic file (type pdf)
<use html_outputs/listing-39-cellspacing-and-cellpadding.pdf>
Package pdftex.def Info: html_outputs/listing-39-cellspacing-and-cellpadding.pdf  used on input line 2214.
(pdftex.def)             Requested size: 398.07608pt x 89.57133pt.
<html_outputs/listing-40-colspan-and-rowspan.pdf, id=1742, 433.62pt x 80.9424pt>
File: html_outputs/listing-40-colspan-and-rowspan.pdf Graphic file (type pdf)
<use html_outputs/listing-40-colspan-and-rowspan.pdf>
Package pdftex.def Info: html_outputs/listing-40-colspan-and-rowspan.pdf  used on input line 2243.
(pdftex.def)             Requested size: 398.07608pt x 74.31105pt.
 [50 <./html_outputs/listing-39-cellspacing-and-cellpadding.pdf>]
<html_outputs/listing-41-table-background-color.pdf, id=1778, 433.62pt x 59.2614pt>
File: html_outputs/listing-41-table-background-color.pdf Graphic file (type pdf)
<use html_outputs/listing-41-table-background-color.pdf>
Package pdftex.def Info: html_outputs/listing-41-table-background-color.pdf  used on input line 2272.
(pdftex.def)             Requested size: 398.07608pt x 54.40628pt.
 [51 <./html_outputs/listing-40-colspan-and-rowspan.pdf> <./html_outputs/listing-41-table-background-color.pdf>]
<html_outputs/listing-42-alignment-and-empty-cells.pdf, id=1828, 433.62pt x 78.7743pt>
File: html_outputs/listing-42-alignment-and-empty-cells.pdf Graphic file (type pdf)
<use html_outputs/listing-42-alignment-and-empty-cells.pdf>
Package pdftex.def Info: html_outputs/listing-42-alignment-and-empty-cells.pdf  used on input line 2294.
(pdftex.def)             Requested size: 398.07608pt x 72.32057pt.
<html_outputs/listing-43-table-head-body-and-foot.pdf, id=1829, 433.62pt x 115.16927pt>
File: html_outputs/listing-43-table-head-body-and-foot.pdf Graphic file (type pdf)
<use html_outputs/listing-43-table-head-body-and-foot.pdf>
Package pdftex.def Info: html_outputs/listing-43-table-head-body-and-foot.pdf  used on input line 2327.
(pdftex.def)             Requested size: 398.07608pt x 105.73381pt.
 [52 <./html_outputs/listing-42-alignment-and-empty-cells.pdf> <./html_outputs/listing-43-table-head-body-and-foot.pdf>]
contour: Using real outline for `\textcolor {summarycolor}{\textsc {\normalsize \bfseries Summary}}' on input line 2339.
[53]
<html_outputs/listing-44-simple-div-layout.pdf, id=1887, 433.62pt x 80.4606pt>
File: html_outputs/listing-44-simple-div-layout.pdf Graphic file (type pdf)
<use html_outputs/listing-44-simple-div-layout.pdf>
Package pdftex.def Info: html_outputs/listing-44-simple-div-layout.pdf  used on input line 2393.
(pdftex.def)             Requested size: 398.07608pt x 73.86873pt.
<html_outputs/listing-45-semantic-layout.pdf, id=1888, 433.62pt x 85.42516pt>
File: html_outputs/listing-45-semantic-layout.pdf Graphic file (type pdf)
<use html_outputs/listing-45-semantic-layout.pdf>
Package pdftex.def Info: html_outputs/listing-45-semantic-layout.pdf  used on input line 2411.
(pdftex.def)             Requested size: 398.07608pt x 78.42653pt.
 [54 <./html_outputs/listing-44-simple-div-layout.pdf> <./html_outputs/listing-45-semantic-layout.pdf>]
<html_outputs/listing-46-internal-css-and-class-selector.pdf, id=1929, 433.62pt x 30.8352pt>
File: html_outputs/listing-46-internal-css-and-class-selector.pdf Graphic file (type pdf)
<use html_outputs/listing-46-internal-css-and-class-selector.pdf>
Package pdftex.def Info: html_outputs/listing-46-internal-css-and-class-selector.pdf  used on input line 2442.
(pdftex.def)             Requested size: 398.07608pt x 28.30896pt.

contour: Using real outline for `\textcolor {summarycolor}{\textsc {\normalsize \bfseries Summary}}' on input line 2447.
contour: Using real outline for `\textcolor {defcolor}{\textsc {\normalsize \bfseries HTML Form}}' on input line 2452.
[55 <./html_outputs/listing-46-internal-css-and-class-selector.pdf>]
<html_outputs/listing-47-basic-form-structure.pdf, id=1960, 433.62pt x 30.5943pt>
File: html_outputs/listing-47-basic-form-structure.pdf Graphic file (type pdf)
<use html_outputs/listing-47-basic-form-structure.pdf>
Package pdftex.def Info: html_outputs/listing-47-basic-form-structure.pdf  used on input line 2478.
(pdftex.def)             Requested size: 398.07608pt x 28.08778pt.

Chapters/Chapter4.tex:2519: ignored error: Infinite glue shrinkage found in box being split [56 <./html_outputs/listing-47-basic-form-structure.pdf>]
<html_outputs/listing-48-text-and-password-fields.pdf, id=1982, 433.62pt x 30.5943pt>
File: html_outputs/listing-48-text-and-password-fields.pdf Graphic file (type pdf)
<use html_outputs/listing-48-text-and-password-fields.pdf>
Package pdftex.def Info: html_outputs/listing-48-text-and-password-fields.pdf  used on input line 2534.
(pdftex.def)             Requested size: 398.07608pt x 28.08778pt.
<html_outputs/listing-49-radio-and-checkbox-inputs.pdf, id=1983, 433.62pt x 94.9146pt>
File: html_outputs/listing-49-radio-and-checkbox-inputs.pdf Graphic file (type pdf)
<use html_outputs/listing-49-radio-and-checkbox-inputs.pdf>
Package pdftex.def Info: html_outputs/listing-49-radio-and-checkbox-inputs.pdf  used on input line 2560.
(pdftex.def)             Requested size: 398.07608pt x 87.13853pt.
 [57 <./html_outputs/listing-48-text-and-password-fields.pdf>]
<html_outputs/listing-50-drop-down-and-option-group.pdf, id=2015, 433.62pt x 65.2839pt>
File: html_outputs/listing-50-drop-down-and-option-group.pdf Graphic file (type pdf)
<use html_outputs/listing-50-drop-down-and-option-group.pdf>
Package pdftex.def Info: html_outputs/listing-50-drop-down-and-option-group.pdf  used on input line 2589.
(pdftex.def)             Requested size: 398.07608pt x 59.9354pt.
 [58 <./html_outputs/listing-49-radio-and-checkbox-inputs.pdf> <./html_outputs/listing-50-drop-down-and-option-group.pdf>]
<html_outputs/listing-51-textarea-and-buttons.pdf, id=2061, 433.62pt x 63.1158pt>
File: html_outputs/listing-51-textarea-and-buttons.pdf Graphic file (type pdf)
<use html_outputs/listing-51-textarea-and-buttons.pdf>
Package pdftex.def Info: html_outputs/listing-51-textarea-and-buttons.pdf  used on input line 2616.
(pdftex.def)             Requested size: 398.07608pt x 57.94492pt.
 [59 <./html_outputs/listing-51-textarea-and-buttons.pdf>]
<html_outputs/listing-52-complete-form-example.pdf, id=2119, 433.62pt x 204.0423pt>
File: html_outputs/listing-52-complete-form-example.pdf Graphic file (type pdf)
<use html_outputs/listing-52-complete-form-example.pdf>
Package pdftex.def Info: html_outputs/listing-52-complete-form-example.pdf  used on input line 2666.
(pdftex.def)             Requested size: 510.54962pt x 240.25407pt.

contour: Using real outline for `\textcolor {summarycolor}{\textsc {\normalsize \bfseries Summary}}' on input line 2671.
Chapters/Chapter4.tex:2691: ignored error: Infinite glue shrinkage found in box being split [60 <./html_outputs/listing-52-complete-form-example.pdf>]
<html_outputs/listing-53-code-and-output-tags.pdf, id=2154, 433.62pt x 114.57706pt>
File: html_outputs/listing-53-code-and-output-tags.pdf Graphic file (type pdf)
<use html_outputs/listing-53-code-and-output-tags.pdf>
Package pdftex.def Info: html_outputs/listing-53-code-and-output-tags.pdf  used on input line 2706.
(pdftex.def)             Requested size: 398.07608pt x 105.19012pt.
 [61 <./html_outputs/listing-53-code-and-output-tags.pdf>]
<html_outputs/listing-54-quote-and-direction-tags.pdf, id=2193, 433.62pt x 78.12587pt>
File: html_outputs/listing-54-quote-and-direction-tags.pdf Graphic file (type pdf)
<use html_outputs/listing-54-quote-and-direction-tags.pdf>
Package pdftex.def Info: html_outputs/listing-54-quote-and-direction-tags.pdf  used on input line 2734.
(pdftex.def)             Requested size: 398.07608pt x 71.72527pt.
<html_outputs/listing-55-script-and-object-tags.pdf, id=2194, 433.62pt x 22.92062pt>
File: html_outputs/listing-55-script-and-object-tags.pdf Graphic file (type pdf)
<use html_outputs/listing-55-script-and-object-tags.pdf>
Package pdftex.def Info: html_outputs/listing-55-script-and-object-tags.pdf  used on input line 2765.
(pdftex.def)             Requested size: 398.07608pt x 21.04279pt.
 [62 <./html_outputs/listing-54-quote-and-direction-tags.pdf> <./html_outputs/listing-55-script-and-object-tags.pdf>]
contour: Using real outline for `\textcolor {summarycolor}{\textsc {\normalsize \bfseries Summary}}' on input line 2802.
[63]
<html_outputs/listing-56-mini-webpage-project.pdf, id=2248, 433.62pt x 359.1819pt>
File: html_outputs/listing-56-mini-webpage-project.pdf Graphic file (type pdf)
<use html_outputs/listing-56-mini-webpage-project.pdf>
Package pdftex.def Info: html_outputs/listing-56-mini-webpage-project.pdf  used on input line 2871.
(pdftex.def)             Requested size: 510.54962pt x 422.92665pt.
 [64]
contour: Using real outline for `\textcolor {summarycolor}{\textsc {\normalsize \bfseries Chapter Overview}}' on input line 2885.
[65 <./html_outputs/listing-56-mini-webpage-project.pdf>]) [66] (main.aux)
 ***********
LaTeX2e <2025-11-01>
L3 programming layer <2026-03-20>
 ***********
Package rerunfilecheck Info: File `main.out' has not changed.
(rerunfilecheck)             Checksum: F0F839185D867A75DD85A97B9F9BD730;33886.
 ) 
Here is how much of TeX's memory you used:
 39019 strings out of 467690
 818519 string characters out of 5414972
 1896725 words of memory out of 5000000
 66508 multiletter control sequences out of 15000+600000
 655262 words of font info for 103 fonts, out of 8000000 for 9000
 1141 hyphenation exceptions out of 8191
 91i,16n,145p,576b,3714s stack positions out of 10000i,1000n,20000p,200000b,200000s
<C:/Users/miadu/AppData/Local/Programs/MiKTeX/fonts/type1/public/calligra-type1/callig15.pfb><C:/Users/miadu/AppData/Local/Programs/MiKTeX/fonts/type1/public/amsfonts/cm/cmex10.pfb><C:/Users/miadu/AppData/Local/Programs/MiKTeX/fonts/type1/public/amsfonts/cm/cmmi10.pfb><C:/Users/miadu/AppData/Local/Programs/MiKTeX/fonts/type1/public/amsfonts/cm/cmmi6.pfb><C:/Users/miadu/AppData/Local/Programs/MiKTeX/fonts/type1/public/amsfonts/cm/cmmi8.pfb><C:/Users/miadu/AppData/Local/Programs/MiKTeX/fonts/type1/public/amsfonts/cm/cmr10.pfb><C:/Users/miadu/AppData/Local/Programs/MiKTeX/fonts/type1/public/amsfonts/cm/cmsy10.pfb><C:/Users/miadu/AppData/Local/Programs/MiKTeX/fonts/type1/public/amsfonts/cm/cmsy6.pfb><C:/Users/miadu/AppData/Local/Programs/MiKTeX/fonts/type1/public/amsfonts/cm/cmsy8.pfb><C:/Users/miadu/AppData/Local/Programs/MiKTeX/fonts/type1/public/amsfonts/symbols/msam10.pfb><C:/Users/miadu/AppData/Local/Programs/MiKTeX/fonts/type1/public/amsfonts/symbols/msam7.pfb><C:/Users/miadu/AppData/Local/Programs/MiKTeX/fonts/type1/public/cm-super/sfbx0600.pfb><C:/Users/miadu/AppData/Local/Programs/MiKTeX/fonts/type1/public/cm-super/sfbx1000.pfb><C:/Users/miadu/AppData/Local/Programs/MiKTeX/fonts/type1/public/cm-super/sfbx1095.pfb><C:/Users/miadu/AppData/Local/Programs/MiKTeX/fonts/type1/public/cm-super/sfbx1200.pfb><C:/Users/miadu/AppData/Local/Programs/MiKTeX/fonts/type1/public/cm-super/sfbx1440.pfb><C:/Users/miadu/AppData/Local/Programs/MiKTeX/fonts/type1/public/cm-super/sfbx1728.pfb><C:/Users/miadu/AppData/Local/Programs/MiKTeX/fonts/type1/public/cm-super/sfbx2074.pfb><C:/Users/miadu/AppData/Local/Programs/MiKTeX/fonts/type1/public/cm-super/sfbx2488.pfb><C:/Users/miadu/AppData/Local/Programs/MiKTeX/fonts/type1/public/cm-super/sfit1000.pfb><C:/Users/miadu/AppData/Local/Programs/MiKTeX/fonts/type1/public/cm-super/sfrm0600.pfb><C:/Users/miadu/AppData/Local/Programs/MiKTeX/fonts/type1/public/cm-super/sfrm0700.pfb><C:/Users/miadu/AppData/Local/Programs/MiKTeX/fonts/type1/public/cm-super/sfrm0800.pfb><C:/Users/miadu/AppData/Local/Programs/MiKTeX/fonts/type1/public/cm-super/sfrm1000.pfb><C:/Users/miadu/AppData/Local/Programs/MiKTeX/fonts/type1/public/cm-super/sfrm1095.pfb><C:/Users/miadu/AppData/Local/Programs/MiKTeX/fonts/type1/public/cm-super/sfti1095.pfb><C:/Users/miadu/AppData/Local/Programs/MiKTeX/fonts/type1/public/cm-super/sftt0800.pfb><C:/Users/miadu/AppData/Local/Programs/MiKTeX/fonts/type1/public/cm-super/sftt0900.pfb><C:/Users/miadu/AppData/Local/Programs/MiKTeX/fonts/type1/public/cm-super/sftt1000.pfb><C:/Users/miadu/AppData/Local/Programs/MiKTeX/fonts/type1/public/cm-super/sftt1095.pfb><C:/Users/miadu/AppData/Local/Programs/MiKTeX/fonts/type1/public/cm-super/sfxc1095.pfb>
Output written on main.pdf (66 pages, 2830108 bytes).
PDF statistics:
 2616 PDF objects out of 2984 (max. 8388607)
 788 named destinations out of 1000 (max. 500000)
 1814 words of extra memory for PDF output out of 10000 (max. 10000000)

