\BOOKMARK [0][]{chapter.4}{\376\377\0004\000\040\000I\000n\000t\000r\000o\000d\000u\000c\000t\000i\000o\000n\000\040\000t\000o\000\040\000W\000e\000b\000\040\000D\000e\000s\000i\000g\000n\000\040\000a\000n\000d\000\040\000H\000T\000M\000L}{}% 1
\BOOKMARK [1][]{section.4.1}{\376\377\0004\000.\0001\000\040\000C\000o\000r\000e\000\040\000C\000o\000n\000c\000e\000p\000t\000s\000\040\000i\000n\000\040\000W\000e\000b\000\040\000D\000e\000s\000i\000g\000n}{chapter.4}% 2
\BOOKMARK [2][]{subsection.4.1.1}{\376\377\0004\000.\0001\000.\0001\000\040\000B\000a\000s\000i\000c\000\040\000C\000o\000m\000p\000o\000n\000e\000n\000t\000s\000\040\000o\000f\000\040\000t\000h\000e\000\040\000W\000e\000b}{section.4.1}% 3
\BOOKMARK [2][]{subsection.4.1.2}{\376\377\0004\000.\0001\000.\0002\000\040\000B\000a\000s\000i\000c\000\040\000R\000e\000l\000a\000t\000i\000o\000n\000s\000h\000i\000p}{section.4.1}% 4
\BOOKMARK [1][]{section.4.2}{\376\377\0004\000.\0002\000\040\000W\000e\000b\000s\000i\000t\000e}{chapter.4}% 5
\BOOKMARK [2][]{subsection.4.2.1}{\376\377\0004\000.\0002\000.\0001\000\040\000W\000e\000b\000s\000i\000t\000e\000\040\000S\000t\000r\000u\000c\000t\000u\000r\000e}{section.4.2}% 6
\BOOKMARK [3][]{subsubsection.4.2.1.1}{\376\377\0004\000.\0002\000.\0001\000.\0001\000\040\000C\000o\000m\000m\000o\000n\000\040\000P\000a\000g\000e\000s\000\040\000i\000n\000\040\000a\000\040\000W\000e\000b\000s\000i\000t\000e}{subsection.4.2.1}% 7
\BOOKMARK [3][]{subsubsection.4.2.1.2}{\376\377\0004\000.\0002\000.\0001\000.\0002\000\040\000T\000y\000p\000e\000s\000\040\000o\000f\000\040\000W\000e\000b\000s\000i\000t\000e\000\040\000S\000t\000r\000u\000c\000t\000u\000r\000e}{subsection.4.2.1}% 8
\BOOKMARK [2][]{subsection.4.2.2}{\376\377\0004\000.\0002\000.\0002\000\040\000E\000l\000e\000m\000e\000n\000t\000s\000\040\000o\000f\000\040\000W\000e\000b\000p\000a\000g\000e}{section.4.2}% 9
\BOOKMARK [2][]{subsection.4.2.3}{\376\377\0004\000.\0002\000.\0003\000\040\000C\000l\000i\000e\000n\000t\000-\000S\000e\000r\000v\000e\000r\000\040\000M\000o\000d\000e\000l\000\040\000o\000f\000\040\000a\000\040\000W\000e\000b\000s\000i\000t\000e}{section.4.2}% 10
\BOOKMARK [2][]{subsection.4.2.4}{\376\377\0004\000.\0002\000.\0004\000\040\000W\000e\000b\000\040\000P\000o\000r\000t\000a\000l}{section.4.2}% 11
\BOOKMARK [2][]{subsection.4.2.5}{\376\377\0004\000.\0002\000.\0005\000\040\000T\000y\000p\000e\000s\000\040\000o\000f\000\040\000W\000e\000b\000s\000i\000t\000e}{section.4.2}% 12
\BOOKMARK [3][]{subsubsection.4.2.5.1}{\376\377\0004\000.\0002\000.\0005\000.\0001\000\040\000S\000t\000a\000t\000i\000c\000\040\000W\000e\000b\000s\000i\000t\000e}{subsection.4.2.5}% 13
\BOOKMARK [3][]{subsubsection.4.2.5.2}{\376\377\0004\000.\0002\000.\0005\000.\0002\000\040\000D\000y\000n\000a\000m\000i\000c\000\040\000W\000e\000b\000s\000i\000t\000e}{subsection.4.2.5}% 14
\BOOKMARK [3][]{subsubsection.4.2.5.3}{\376\377\0004\000.\0002\000.\0005\000.\0003\000\040\000C\000o\000m\000p\000a\000r\000i\000s\000o\000n\000\040\000b\000e\000t\000w\000e\000e\000n\000\040\000S\000t\000a\000t\000i\000c\000\040\000a\000n\000d\000\040\000D\000y\000n\000a\000m\000i\000c\000\040\000W\000e\000b\000s\000i\000t\000e}{subsection.4.2.5}% 15
\BOOKMARK [2][]{subsection.4.2.6}{\376\377\0004\000.\0002\000.\0006\000\040\000T\000y\000p\000e\000s\000\040\000o\000f\000\040\000W\000e\000b\000p\000a\000g\000e\000\040\000B\000a\000s\000e\000d\000\040\000o\000n\000\040\000L\000o\000c\000a\000t\000i\000o\000n}{section.4.2}% 16
\BOOKMARK [2][]{subsection.4.2.7}{\376\377\0004\000.\0002\000.\0007\000\040\000W\000e\000b\000s\000i\000t\000e\000\040\000C\000l\000a\000s\000s\000i\000f\000i\000c\000a\000t\000i\000o\000n\000\040\000b\000y\000\040\000P\000u\000r\000p\000o\000s\000e}{section.4.2}% 17
\BOOKMARK [2][]{subsection.4.2.8}{\376\377\0004\000.\0002\000.\0008\000\040\000A\000d\000v\000a\000n\000t\000a\000g\000e\000s\000\040\000o\000f\000\040\000W\000e\000b\000s\000i\000t\000e}{section.4.2}% 18
\BOOKMARK [1][]{section.4.3}{\376\377\0004\000.\0003\000\040\000W\000e\000b\000\040\000B\000r\000o\000w\000s\000e\000r\000\040\000a\000n\000d\000\040\000S\000e\000a\000r\000c\000h\000\040\000E\000n\000g\000i\000n\000e}{chapter.4}% 19
\BOOKMARK [2][]{subsection.4.3.1}{\376\377\0004\000.\0003\000.\0001\000\040\000W\000e\000b\000\040\000B\000r\000o\000w\000s\000e\000r}{section.4.3}% 20
\BOOKMARK [3][]{subsubsection.4.3.1.1}{\376\377\0004\000.\0003\000.\0001\000.\0001\000\040\000F\000u\000n\000c\000t\000i\000o\000n\000s\000\040\000o\000f\000\040\000W\000e\000b\000\040\000B\000r\000o\000w\000s\000e\000r}{subsection.4.3.1}% 21
\BOOKMARK [2][]{subsection.4.3.2}{\376\377\0004\000.\0003\000.\0002\000\040\000W\000e\000b\000\040\000B\000r\000o\000w\000s\000i\000n\000g}{section.4.3}% 22
\BOOKMARK [3][]{subsubsection.4.3.2.1}{\376\377\0004\000.\0003\000.\0002\000.\0001\000\040\000M\000e\000t\000h\000o\000d\000s\000\040\000o\000f\000\040\000W\000e\000b\000\040\000B\000r\000o\000w\000s\000i\000n\000g}{subsection.4.3.2}% 23
\BOOKMARK [2][]{subsection.4.3.3}{\376\377\0004\000.\0003\000.\0003\000\040\000S\000e\000a\000r\000c\000h\000\040\000E\000n\000g\000i\000n\000e}{section.4.3}% 24
\BOOKMARK [3][]{subsubsection.4.3.3.1}{\376\377\0004\000.\0003\000.\0003\000.\0001\000\040\000F\000u\000n\000c\000t\000i\000o\000n\000s\000\040\000o\000f\000\040\000S\000e\000a\000r\000c\000h\000\040\000E\000n\000g\000i\000n\000e}{subsection.4.3.3}% 25
\BOOKMARK [2][]{subsection.4.3.4}{\376\377\0004\000.\0003\000.\0004\000\040\000D\000i\000f\000f\000e\000r\000e\000n\000c\000e\000\040\000B\000e\000t\000w\000e\000e\000n\000\040\000B\000r\000o\000w\000s\000e\000r\000\040\000a\000n\000d\000\040\000S\000e\000a\000r\000c\000h\000\040\000E\000n\000g\000i\000n\000e}{section.4.3}% 26
\BOOKMARK [1][]{section.4.4}{\376\377\0004\000.\0004\000\040\000I\000P\000\040\000A\000d\000d\000r\000e\000s\000s}{chapter.4}% 27
\BOOKMARK [2][]{subsection.4.4.1}{\376\377\0004\000.\0004\000.\0001\000\040\000P\000u\000r\000p\000o\000s\000e\000\040\000o\000f\000\040\000I\000P\000\040\000A\000d\000d\000r\000e\000s\000s}{section.4.4}% 28
\BOOKMARK [2][]{subsection.4.4.2}{\376\377\0004\000.\0004\000.\0002\000\040\000T\000y\000p\000e\000s\000\040\000o\000f\000\040\000I\000P\000\040\000A\000d\000d\000r\000e\000s\000s}{section.4.4}% 29
\BOOKMARK [3][]{subsubsection.4.4.2.1}{\376\377\0004\000.\0004\000.\0002\000.\0001\000\040\000N\000e\000t\000w\000o\000r\000k\000\040\000I\000D\000\040\000a\000n\000d\000\040\000H\000o\000s\000t\000\040\000I\000D}{subsection.4.4.2}% 30
\BOOKMARK [1][]{section.4.5}{\376\377\0004\000.\0005\000\040\000D\000o\000m\000a\000i\000n\000\040\000N\000a\000m\000e\000\040\000a\000n\000d\000\040\000D\000o\000m\000a\000i\000n\000\040\000N\000a\000m\000e\000\040\000S\000y\000s\000t\000e\000m\000\040\000\050\000D\000N\000S\000\051}{chapter.4}% 31
\BOOKMARK [2][]{subsection.4.5.1}{\376\377\0004\000.\0005\000.\0001\000\040\000S\000o\000m\000e\000\040\000T\000e\000c\000h\000n\000i\000c\000a\000l\000\040\000T\000e\000r\000m\000s}{section.4.5}% 32
\BOOKMARK [2][]{subsection.4.5.2}{\376\377\0004\000.\0005\000.\0002\000\040\000D\000o\000m\000a\000i\000n\000\040\000R\000e\000g\000i\000s\000t\000r\000a\000t\000i\000o\000n\000\040\000a\000n\000d\000\040\000I\000C\000A\000N\000N}{section.4.5}% 33
\BOOKMARK [2][]{subsection.4.5.3}{\376\377\0004\000.\0005\000.\0003\000\040\000T\000y\000p\000e\000s\000\040\000o\000f\000\040\000D\000o\000m\000a\000i\000n}{section.4.5}% 34
\BOOKMARK [2][]{subsection.4.5.4}{\376\377\0004\000.\0005\000.\0004\000\040\000C\000o\000m\000m\000o\000n\000\040\000T\000o\000p\000\040\000L\000e\000v\000e\000l\000\040\000D\000o\000m\000a\000i\000n\000s\000\040\000/\000\040\000G\000e\000n\000e\000r\000i\000c\000\040\000T\000L\000D\000s}{section.4.5}% 35
\BOOKMARK [2][]{subsection.4.5.5}{\376\377\0004\000.\0005\000.\0005\000\040\000C\000o\000u\000n\000t\000r\000y\000\040\000C\000o\000d\000e\000\040\000T\000o\000p\000\040\000L\000e\000v\000e\000l\000\040\000D\000o\000m\000a\000i\000n\000s}{section.4.5}% 36
\BOOKMARK [1][]{section.4.6}{\376\377\0004\000.\0006\000\040\000W\000e\000b\000\040\000H\000o\000s\000t\000i\000n\000g}{chapter.4}% 37
\BOOKMARK [2][]{subsection.4.6.1}{\376\377\0004\000.\0006\000.\0001\000\040\000T\000y\000p\000e\000s\000\040\000o\000f\000\040\000W\000e\000b\000\040\000H\000o\000s\000t\000i\000n\000g}{section.4.6}% 38
\BOOKMARK [3][]{subsubsection.4.6.1.1}{\376\377\0004\000.\0006\000.\0001\000.\0001\000\040\000B\000a\000s\000e\000d\000\040\000o\000n\000\040\000P\000l\000a\000t\000f\000o\000r\000m\000\040\000o\000r\000\040\000O\000p\000e\000r\000a\000t\000i\000n\000g\000\040\000S\000y\000s\000t\000e\000m}{subsection.4.6.1}% 39
\BOOKMARK [3][]{subsubsection.4.6.1.2}{\376\377\0004\000.\0006\000.\0001\000.\0002\000\040\000B\000a\000s\000e\000d\000\040\000o\000n\000\040\000F\000a\000c\000i\000l\000i\000t\000i\000e\000s}{subsection.4.6.1}% 40
\BOOKMARK [3][]{subsubsection.4.6.1.3}{\376\377\0004\000.\0006\000.\0001\000.\0003\000\040\000E\000m\000a\000i\000l\000\040\000S\000e\000r\000v\000i\000c\000e\000s\000\040\000w\000i\000t\000h\000\040\000H\000o\000s\000t\000i\000n\000g}{subsection.4.6.1}% 41
\BOOKMARK [2][]{subsection.4.6.2}{\376\377\0004\000.\0006\000.\0002\000\040\000D\000i\000f\000f\000e\000r\000e\000n\000c\000e\000\040\000b\000e\000t\000w\000e\000e\000n\000\040\000D\000o\000m\000a\000i\000n\000\040\000N\000a\000m\000e\000\040\000a\000n\000d\000\040\000W\000e\000b\000\040\000H\000o\000s\000t\000i\000n\000g}{section.4.6}% 42
\BOOKMARK [1][]{section.4.7}{\376\377\0004\000.\0007\000\040\000U\000R\000L\000\040\000\050\000U\000n\000i\000f\000o\000r\000m\000\040\000R\000e\000s\000o\000u\000r\000c\000e\000\040\000L\000o\000c\000a\000t\000o\000r\000\051}{chapter.4}% 43
\BOOKMARK [2][]{subsection.4.7.1}{\376\377\0004\000.\0007\000.\0001\000\040\000C\000o\000m\000p\000o\000n\000e\000n\000t\000s\000\040\000o\000f\000\040\000U\000R\000L}{section.4.7}% 44
\BOOKMARK [1][]{section.4.8}{\376\377\0004\000.\0008\000\040\000P\000r\000o\000t\000o\000c\000o\000l}{chapter.4}% 45
\BOOKMARK [2][]{subsection.4.8.1}{\376\377\0004\000.\0008\000.\0001\000\040\000C\000o\000m\000m\000o\000n\000\040\000I\000n\000t\000e\000r\000n\000e\000t\000\040\000P\000r\000o\000t\000o\000c\000o\000l\000s}{section.4.8}% 46
\BOOKMARK [2][]{subsection.4.8.2}{\376\377\0004\000.\0008\000.\0002\000\040\000H\000T\000T\000P}{section.4.8}% 47
\BOOKMARK [3][]{subsubsection.4.8.2.1}{\376\377\0004\000.\0008\000.\0002\000.\0001\000\040\000F\000u\000n\000c\000t\000i\000o\000n\000s\000\040\000o\000f\000\040\000H\000T\000T\000P}{subsection.4.8.2}% 48
\BOOKMARK [2][]{subsection.4.8.3}{\376\377\0004\000.\0008\000.\0003\000\040\000F\000T\000P}{section.4.8}% 49
\BOOKMARK [3][]{subsubsection.4.8.3.1}{\376\377\0004\000.\0008\000.\0003\000.\0001\000\040\000F\000u\000n\000c\000t\000i\000o\000n\000s\000\040\000o\000f\000\040\000F\000T\000P}{subsection.4.8.3}% 50
\BOOKMARK [3][]{subsubsection.4.8.3.2}{\376\377\0004\000.\0008\000.\0003\000.\0002\000\040\000T\000y\000p\000e\000s\000\040\000o\000f\000\040\000F\000T\000P\000\040\000A\000c\000c\000e\000s\000s}{subsection.4.8.3}% 51
\BOOKMARK [1][]{section.4.9}{\376\377\0004\000.\0009\000\040\000D\000i\000f\000f\000e\000r\000e\000n\000c\000e\000\040\000b\000e\000t\000w\000e\000e\000n\000\040\000I\000P\000\040\000A\000d\000d\000r\000e\000s\000s\000,\000\040\000D\000o\000m\000a\000i\000n\000\040\000N\000a\000m\000e\000,\000\040\000D\000N\000S\000\040\000a\000n\000d\000\040\000U\000R\000L}{chapter.4}% 52
\BOOKMARK [1][]{section.4.10}{\376\377\0004\000.\0001\0000\000\040\000C\000o\000m\000p\000l\000e\000t\000e\000\040\000W\000e\000b\000s\000i\000t\000e\000\040\000W\000o\000r\000k\000i\000n\000g\000\040\000P\000r\000o\000c\000e\000s\000s}{chapter.4}% 53
\BOOKMARK [2][]{subsection.4.10.1}{\376\377\0004\000.\0001\0000\000.\0001\000\040\000D\000e\000s\000i\000g\000n\000i\000n\000g\000\040\000a\000\040\000W\000e\000b\000s\000i\000t\000e}{section.4.10}% 54
\BOOKMARK [3][]{subsubsection.4.10.1.1}{\376\377\0004\000.\0001\0000\000.\0001\000.\0001\000\040\000S\000t\000e\000p\000s\000\040\000f\000o\000r\000\040\000B\000e\000t\000t\000e\000r\000\040\000W\000e\000b\000s\000i\000t\000e\000\040\000D\000e\000s\000i\000g\000n}{subsection.4.10.1}% 55
\BOOKMARK [2][]{subsection.4.10.2}{\376\377\0004\000.\0001\0000\000.\0002\000\040\000P\000u\000b\000l\000i\000s\000h\000i\000n\000g\000\040\000a\000\040\000W\000e\000b\000s\000i\000t\000e}{section.4.10}% 56
\BOOKMARK [2][]{subsection.4.10.3}{\376\377\0004\000.\0001\0000\000.\0003\000\040\000A\000c\000c\000e\000s\000s\000i\000n\000g\000\040\000a\000\040\000W\000e\000b\000s\000i\000t\000e}{section.4.10}% 57
\BOOKMARK [1][]{section.4.11}{\376\377\0004\000.\0001\0001\000\040\000H\000T\000M\000L\000\040\000F\000u\000n\000d\000a\000m\000e\000n\000t\000a\000l\000s}{chapter.4}% 58
\BOOKMARK [2][]{subsection.4.11.1}{\376\377\0004\000.\0001\0001\000.\0001\000\040\000C\000o\000n\000c\000e\000p\000t\000\040\000o\000f\000\040\000H\000T\000M\000L}{section.4.11}% 59
\BOOKMARK [2][]{subsection.4.11.2}{\376\377\0004\000.\0001\0001\000.\0002\000\040\000M\000a\000r\000k\000u\000p\000\040\000L\000a\000n\000g\000u\000a\000g\000e\000\040\000v\000s\000\040\000P\000r\000o\000g\000r\000a\000m\000m\000i\000n\000g\000\040\000L\000a\000n\000g\000u\000a\000g\000e}{section.4.11}% 60
\BOOKMARK [2][]{subsection.4.11.3}{\376\377\0004\000.\0001\0001\000.\0003\000\040\000S\000h\000o\000r\000t\000\040\000H\000i\000s\000t\000o\000r\000y\000\040\000o\000f\000\040\000H\000T\000M\000L}{section.4.11}% 61
\BOOKMARK [2][]{subsection.4.11.4}{\376\377\0004\000.\0001\0001\000.\0004\000\040\000A\000d\000v\000a\000n\000t\000a\000g\000e\000s\000\040\000o\000f\000\040\000H\000T\000M\000L}{section.4.11}% 62
\BOOKMARK [2][]{subsection.4.11.5}{\376\377\0004\000.\0001\0001\000.\0005\000\040\000L\000i\000m\000i\000t\000a\000t\000i\000o\000n\000s\000\040\000o\000f\000\040\000H\000T\000M\000L}{section.4.11}% 63
\BOOKMARK [1][]{section.4.12}{\376\377\0004\000.\0001\0002\000\040\000H\000T\000M\000L\000\040\000T\000a\000g\000s\000,\000\040\000E\000l\000e\000m\000e\000n\000t\000s\000\040\000a\000n\000d\000\040\000A\000t\000t\000r\000i\000b\000u\000t\000e\000s}{chapter.4}% 64
\BOOKMARK [2][]{subsection.4.12.1}{\376\377\0004\000.\0001\0002\000.\0001\000\040\000H\000T\000M\000L\000\040\000T\000a\000g}{section.4.12}% 65
\BOOKMARK [2][]{subsection.4.12.2}{\376\377\0004\000.\0001\0002\000.\0002\000\040\000C\000l\000a\000s\000s\000i\000f\000i\000c\000a\000t\000i\000o\000n\000\040\000o\000f\000\040\000H\000T\000M\000L\000\040\000T\000a\000g\000s}{section.4.12}% 66
\BOOKMARK [2][]{subsection.4.12.3}{\376\377\0004\000.\0001\0002\000.\0003\000\040\000H\000T\000M\000L\000\040\000E\000l\000e\000m\000e\000n\000t}{section.4.12}% 67
\BOOKMARK [2][]{subsection.4.12.4}{\376\377\0004\000.\0001\0002\000.\0004\000\040\000B\000l\000o\000c\000k\000-\000L\000e\000v\000e\000l\000\040\000a\000n\000d\000\040\000I\000n\000l\000i\000n\000e\000\040\000E\000l\000e\000m\000e\000n\000t\000s}{section.4.12}% 68
\BOOKMARK [2][]{subsection.4.12.5}{\376\377\0004\000.\0001\0002\000.\0005\000\040\000H\000T\000M\000L\000\040\000A\000t\000t\000r\000i\000b\000u\000t\000e}{section.4.12}% 69
\BOOKMARK [2][]{subsection.4.12.6}{\376\377\0004\000.\0001\0002\000.\0006\000\040\000H\000T\000M\000L\000\040\000C\000o\000m\000m\000e\000n\000t\000s}{section.4.12}% 70
\BOOKMARK [1][]{section.4.13}{\376\377\0004\000.\0001\0003\000\040\000F\000i\000r\000s\000t\000\040\000H\000T\000M\000L\000\040\000D\000o\000c\000u\000m\000e\000n\000t}{chapter.4}% 71
\BOOKMARK [2][]{subsection.4.13.1}{\376\377\0004\000.\0001\0003\000.\0001\000\040\000B\000a\000s\000i\000c\000\040\000S\000k\000e\000l\000e\000t\000o\000n}{section.4.13}% 72
\BOOKMARK [2][]{subsection.4.13.2}{\376\377\0004\000.\0001\0003\000.\0002\000\040\000C\000r\000e\000a\000t\000i\000n\000g\000\040\000a\000n\000d\000\040\000R\000u\000n\000n\000i\000n\000g\000\040\000H\000T\000M\000L\000\040\000F\000i\000l\000e\000s}{section.4.13}% 73
\BOOKMARK [2][]{subsection.4.13.3}{\376\377\0004\000.\0001\0003\000.\0003\000\040\000H\000e\000a\000d\000\040\000S\000e\000c\000t\000i\000o\000n}{section.4.13}% 74
\BOOKMARK [2][]{subsection.4.13.4}{\376\377\0004\000.\0001\0003\000.\0004\000\040\000B\000o\000d\000y\000\040\000S\000e\000c\000t\000i\000o\000n}{section.4.13}% 75
\BOOKMARK [3][]{subsubsection.4.13.4.1}{\376\377\0004\000.\0001\0003\000.\0004\000.\0001\000\040\000B\000o\000d\000y\000\040\000T\000a\000g\000\040\000A\000t\000t\000r\000i\000b\000u\000t\000e\000s}{subsection.4.13.4}% 76
\BOOKMARK [1][]{section.4.14}{\376\377\0004\000.\0001\0004\000\040\000H\000e\000a\000d\000i\000n\000g\000s\000,\000\040\000P\000a\000r\000a\000g\000r\000a\000p\000h\000s\000\040\000a\000n\000d\000\040\000L\000i\000n\000e\000\040\000B\000r\000e\000a\000k\000s}{chapter.4}% 77
\BOOKMARK [2][]{subsection.4.14.1}{\376\377\0004\000.\0001\0004\000.\0001\000\040\000H\000e\000a\000d\000i\000n\000g\000\040\000E\000l\000e\000m\000e\000n\000t\000s}{section.4.14}% 78
\BOOKMARK [2][]{subsection.4.14.2}{\376\377\0004\000.\0001\0004\000.\0002\000\040\000P\000a\000r\000a\000g\000r\000a\000p\000h\000,\000\040\000B\000r\000e\000a\000k\000,\000\040\000H\000o\000r\000i\000z\000o\000n\000t\000a\000l\000\040\000R\000u\000l\000e\000\040\000a\000n\000d\000\040\000S\000p\000a\000c\000i\000n\000g}{section.4.14}% 79
\BOOKMARK [3][]{subsubsection.4.14.2.1}{\376\377\0004\000.\0001\0004\000.\0002\000.\0001\000\040\000B\000a\000s\000i\000c\000\040\000P\000a\000r\000a\000g\000r\000a\000p\000h\000\040\000a\000n\000d\000\040\000L\000i\000n\000e\000\040\000B\000r\000e\000a\000k}{subsection.4.14.2}% 80
\BOOKMARK [3][]{subsubsection.4.14.2.2}{\376\377\0004\000.\0001\0004\000.\0002\000.\0002\000\040\000H\000o\000r\000i\000z\000o\000n\000t\000a\000l\000\040\000R\000u\000l\000e}{subsection.4.14.2}% 81
\BOOKMARK [3][]{subsubsection.4.14.2.3}{\376\377\0004\000.\0001\0004\000.\0002\000.\0003\000\040\000O\000l\000d\000\040\000H\000o\000r\000i\000z\000o\000n\000t\000a\000l\000\040\000R\000u\000l\000e\000\040\000A\000t\000t\000r\000i\000b\000u\000t\000e\000s}{subsection.4.14.2}% 82
\BOOKMARK [3][]{subsubsection.4.14.2.4}{\376\377\0004\000.\0001\0004\000.\0002\000.\0004\000\040\000W\000h\000i\000t\000e\000s\000p\000a\000c\000e\000\040\000C\000o\000l\000l\000a\000p\000s\000i\000n\000g}{subsection.4.14.2}% 83
\BOOKMARK [3][]{subsubsection.4.14.2.5}{\376\377\0004\000.\0001\0004\000.\0002\000.\0005\000\040\000N\000o\000n\000-\000b\000r\000e\000a\000k\000i\000n\000g\000\040\000S\000p\000a\000c\000e}{subsection.4.14.2}% 84
\BOOKMARK [1][]{section.4.15}{\376\377\0004\000.\0001\0005\000\040\000T\000e\000x\000t\000\040\000F\000o\000r\000m\000a\000t\000t\000i\000n\000g\000\040\000i\000n\000\040\000H\000T\000M\000L}{chapter.4}% 85
\BOOKMARK [2][]{subsection.4.15.1}{\376\377\0004\000.\0001\0005\000.\0001\000\040\000V\000i\000s\000u\000a\000l\000\040\000v\000s\000\040\000M\000e\000a\000n\000i\000n\000g\000f\000u\000l\000\040\000F\000o\000r\000m\000a\000t\000t\000i\000n\000g}{section.4.15}% 86
\BOOKMARK [2][]{subsection.4.15.2}{\376\377\0004\000.\0001\0005\000.\0002\000\040\000F\000o\000r\000m\000u\000l\000a\000\040\000a\000n\000d\000\040\000C\000o\000r\000r\000e\000c\000t\000i\000o\000n\000\040\000F\000o\000r\000m\000a\000t\000t\000i\000n\000g}{section.4.15}% 87
\BOOKMARK [2][]{subsection.4.15.3}{\376\377\0004\000.\0001\0005\000.\0003\000\040\000O\000l\000d\000\040\000T\000e\000x\000t\000\040\000T\000a\000g\000s}{section.4.15}% 88
\BOOKMARK [1][]{section.4.16}{\376\377\0004\000.\0001\0006\000\040\000F\000o\000n\000t\000,\000\040\000C\000o\000l\000o\000r\000,\000\040\000S\000t\000y\000l\000e\000\040\000a\000n\000d\000\040\000B\000a\000n\000g\000l\000a\000\040\000T\000e\000x\000t}{chapter.4}% 89
\BOOKMARK [2][]{subsection.4.16.1}{\376\377\0004\000.\0001\0006\000.\0001\000\040\000F\000o\000n\000t\000\040\000T\000a\000g}{section.4.16}% 90
\BOOKMARK [2][]{subsection.4.16.2}{\376\377\0004\000.\0001\0006\000.\0002\000\040\000C\000o\000l\000o\000r\000\040\000V\000a\000l\000u\000e\000s}{section.4.16}% 91
\BOOKMARK [2][]{subsection.4.16.3}{\376\377\0004\000.\0001\0006\000.\0003\000\040\000S\000t\000y\000l\000e\000\040\000A\000t\000t\000r\000i\000b\000u\000t\000e}{section.4.16}% 92
\BOOKMARK [2][]{subsection.4.16.4}{\376\377\0004\000.\0001\0006\000.\0004\000\040\000B\000a\000n\000g\000l\000a\000\040\000T\000e\000x\000t\000\040\000i\000n\000\040\000H\000T\000M\000L}{section.4.16}% 93
\BOOKMARK [1][]{section.4.17}{\376\377\0004\000.\0001\0007\000\040\000M\000a\000r\000q\000u\000e\000e}{chapter.4}% 94
\BOOKMARK [1][]{section.4.18}{\376\377\0004\000.\0001\0008\000\040\000H\000T\000M\000L\000\040\000L\000i\000s\000t\000s}{chapter.4}% 95
\BOOKMARK [2][]{subsection.4.18.1}{\376\377\0004\000.\0001\0008\000.\0001\000\040\000O\000r\000d\000e\000r\000e\000d\000\040\000L\000i\000s\000t}{section.4.18}% 96
\BOOKMARK [3][]{subsubsection.4.18.1.1}{\376\377\0004\000.\0001\0008\000.\0001\000.\0001\000\040\000O\000r\000d\000e\000r\000e\000d\000\040\000L\000i\000s\000t\000\040\000V\000a\000r\000i\000a\000t\000i\000o\000n\000s}{subsection.4.18.1}% 97
\BOOKMARK [2][]{subsection.4.18.2}{\376\377\0004\000.\0001\0008\000.\0002\000\040\000U\000n\000o\000r\000d\000e\000r\000e\000d\000\040\000L\000i\000s\000t}{section.4.18}% 98
\BOOKMARK [3][]{subsubsection.4.18.2.1}{\376\377\0004\000.\0001\0008\000.\0002\000.\0001\000\040\000U\000n\000o\000r\000d\000e\000r\000e\000d\000\040\000L\000i\000s\000t\000\040\000M\000a\000r\000k\000e\000r\000\040\000V\000a\000r\000i\000a\000t\000i\000o\000n\000s}{subsection.4.18.2}% 99
\BOOKMARK [2][]{subsection.4.18.3}{\376\377\0004\000.\0001\0008\000.\0003\000\040\000D\000e\000s\000c\000r\000i\000p\000t\000i\000o\000n\000\040\000L\000i\000s\000t}{section.4.18}% 100
\BOOKMARK [2][]{subsection.4.18.4}{\376\377\0004\000.\0001\0008\000.\0004\000\040\000N\000e\000s\000t\000e\000d\000\040\000L\000i\000s\000t}{section.4.18}% 101
\BOOKMARK [2][]{subsection.4.18.5}{\376\377\0004\000.\0001\0008\000.\0005\000\040\000O\000l\000d\000\040\000E\000x\000a\000m\000-\000S\000t\000y\000l\000e\000\040\000L\000i\000s\000t\000\040\000T\000a\000g\000s}{section.4.18}% 102
\BOOKMARK [1][]{section.4.19}{\376\377\0004\000.\0001\0009\000\040\000H\000y\000p\000e\000r\000l\000i\000n\000k\000s\000\040\000i\000n\000\040\000H\000T\000M\000L}{chapter.4}% 103
\BOOKMARK [2][]{subsection.4.19.1}{\376\377\0004\000.\0001\0009\000.\0001\000\040\000A\000n\000c\000h\000o\000r\000\040\000T\000a\000g}{section.4.19}% 104
\BOOKMARK [2][]{subsection.4.19.2}{\376\377\0004\000.\0001\0009\000.\0002\000\040\000I\000n\000t\000e\000r\000n\000a\000l\000\040\000a\000n\000d\000\040\000E\000x\000t\000e\000r\000n\000a\000l\000\040\000L\000i\000n\000k\000s}{section.4.19}% 105
\BOOKMARK [2][]{subsection.4.19.3}{\376\377\0004\000.\0001\0009\000.\0003\000\040\000R\000e\000l\000a\000t\000i\000v\000e\000\040\000a\000n\000d\000\040\000A\000b\000s\000o\000l\000u\000t\000e\000\040\000P\000a\000t\000h\000s}{section.4.19}% 106
\BOOKMARK [2][]{subsection.4.19.4}{\376\377\0004\000.\0001\0009\000.\0004\000\040\000A\000d\000v\000a\000n\000t\000a\000g\000e\000s\000\040\000o\000f\000\040\000H\000y\000p\000e\000r\000l\000i\000n\000k}{section.4.19}% 107
\BOOKMARK [2][]{subsection.4.19.5}{\376\377\0004\000.\0001\0009\000.\0005\000\040\000C\000o\000m\000m\000o\000n\000\040\000L\000i\000n\000k\000\040\000V\000a\000r\000i\000a\000t\000i\000o\000n\000s}{section.4.19}% 108
\BOOKMARK [2][]{subsection.4.19.6}{\376\377\0004\000.\0001\0009\000.\0006\000\040\000T\000a\000r\000g\000e\000t\000\040\000a\000n\000d\000\040\000D\000o\000w\000n\000l\000o\000a\000d\000\040\000A\000t\000t\000r\000i\000b\000u\000t\000e\000s}{section.4.19}% 109
\BOOKMARK [2][]{subsection.4.19.7}{\376\377\0004\000.\0001\0009\000.\0007\000\040\000H\000e\000a\000d\000\040\000L\000i\000n\000k\000s\000:\000\040\000L\000i\000n\000k\000,\000\040\000B\000a\000s\000e\000\040\000a\000n\000d\000\040\000B\000a\000s\000e\000f\000o\000n\000t}{section.4.19}% 110
\BOOKMARK [1][]{section.4.20}{\376\377\0004\000.\0002\0000\000\040\000I\000m\000a\000g\000e\000s\000\040\000a\000n\000d\000\040\000I\000m\000a\000g\000e\000\040\000M\000a\000p\000s}{chapter.4}% 111
\BOOKMARK [2][]{subsection.4.20.1}{\376\377\0004\000.\0002\0000\000.\0001\000\040\000A\000d\000d\000i\000n\000g\000\040\000I\000m\000a\000g\000e\000s}{section.4.20}% 112
\BOOKMARK [2][]{subsection.4.20.2}{\376\377\0004\000.\0002\0000\000.\0002\000\040\000A\000d\000v\000a\000n\000t\000a\000g\000e\000s\000\040\000a\000n\000d\000\040\000D\000i\000s\000a\000d\000v\000a\000n\000t\000a\000g\000e\000s\000\040\000o\000f\000\040\000W\000e\000b\000\040\000G\000r\000a\000p\000h\000i\000c\000s}{section.4.20}% 113
\BOOKMARK [2][]{subsection.4.20.3}{\376\377\0004\000.\0002\0000\000.\0003\000\040\000I\000n\000l\000i\000n\000e\000\040\000a\000n\000d\000\040\000E\000x\000t\000e\000r\000n\000a\000l\000\040\000I\000m\000a\000g\000e\000s}{section.4.20}% 114
\BOOKMARK [2][]{subsection.4.20.4}{\376\377\0004\000.\0002\0000\000.\0004\000\040\000I\000m\000a\000g\000e\000\040\000S\000y\000n\000t\000a\000x\000\040\000a\000n\000d\000\040\000A\000t\000t\000r\000i\000b\000u\000t\000e\000s}{section.4.20}% 115
\BOOKMARK [2][]{subsection.4.20.5}{\376\377\0004\000.\0002\0000\000.\0005\000\040\000I\000m\000a\000g\000e\000\040\000P\000a\000t\000h\000s\000\040\000a\000n\000d\000\040\000B\000r\000o\000k\000e\000n\000\040\000I\000m\000a\000g\000e\000s}{section.4.20}% 116
\BOOKMARK [2][]{subsection.4.20.6}{\376\377\0004\000.\0002\0000\000.\0006\000\040\000O\000l\000d\000\040\000I\000m\000a\000g\000e\000\040\000S\000p\000a\000c\000i\000n\000g\000\040\000a\000n\000d\000\040\000B\000o\000r\000d\000e\000r\000\040\000A\000t\000t\000r\000i\000b\000u\000t\000e\000s}{section.4.20}% 117
\BOOKMARK [2][]{subsection.4.20.7}{\376\377\0004\000.\0002\0000\000.\0007\000\040\000C\000l\000i\000c\000k\000a\000b\000l\000e\000\040\000I\000m\000a\000g\000e}{section.4.20}% 118
\BOOKMARK [2][]{subsection.4.20.8}{\376\377\0004\000.\0002\0000\000.\0008\000\040\000I\000m\000a\000g\000e\000\040\000M\000a\000p}{section.4.20}% 119
\BOOKMARK [1][]{section.4.21}{\376\377\0004\000.\0002\0001\000\040\000M\000e\000d\000i\000a\000\040\000a\000n\000d\000\040\000F\000r\000a\000m\000e\000s}{chapter.4}% 120
\BOOKMARK [2][]{subsection.4.21.1}{\376\377\0004\000.\0002\0001\000.\0001\000\040\000A\000u\000d\000i\000o\000\040\000a\000n\000d\000\040\000V\000i\000d\000e\000o}{section.4.21}% 121
\BOOKMARK [2][]{subsection.4.21.2}{\376\377\0004\000.\0002\0001\000.\0002\000\040\000I\000f\000r\000a\000m\000e}{section.4.21}% 122
\BOOKMARK [2][]{subsection.4.21.3}{\376\377\0004\000.\0002\0001\000.\0003\000\040\000O\000l\000d\000\040\000F\000r\000a\000m\000e\000\040\000T\000a\000g\000s}{section.4.21}% 123
\BOOKMARK [1][]{section.4.22}{\376\377\0004\000.\0002\0002\000\040\000H\000T\000M\000L\000\040\000T\000a\000b\000l\000e\000s}{chapter.4}% 124
\BOOKMARK [2][]{subsection.4.22.1}{\376\377\0004\000.\0002\0002\000.\0001\000\040\000P\000a\000r\000t\000s\000\040\000o\000f\000\040\000a\000\040\000T\000a\000b\000l\000e}{section.4.22}% 125
\BOOKMARK [2][]{subsection.4.22.2}{\376\377\0004\000.\0002\0002\000.\0002\000\040\000B\000a\000s\000i\000c\000\040\000T\000a\000b\000l\000e}{section.4.22}% 126
\BOOKMARK [2][]{subsection.4.22.3}{\376\377\0004\000.\0002\0002\000.\0003\000\040\000U\000n\000e\000q\000u\000a\000l\000\040\000N\000u\000m\000b\000e\000r\000\040\000o\000f\000\040\000C\000e\000l\000l\000s}{section.4.22}% 127
\BOOKMARK [2][]{subsection.4.22.4}{\376\377\0004\000.\0002\0002\000.\0004\000\040\000C\000e\000l\000l\000s\000p\000a\000c\000i\000n\000g\000\040\000a\000n\000d\000\040\000C\000e\000l\000l\000p\000a\000d\000d\000i\000n\000g}{section.4.22}% 128
\BOOKMARK [2][]{subsection.4.22.5}{\376\377\0004\000.\0002\0002\000.\0005\000\040\000C\000o\000l\000s\000p\000a\000n\000\040\000a\000n\000d\000\040\000R\000o\000w\000s\000p\000a\000n}{section.4.22}% 129
\BOOKMARK [2][]{subsection.4.22.6}{\376\377\0004\000.\0002\0002\000.\0006\000\040\000T\000a\000b\000l\000e\000\040\000B\000a\000c\000k\000g\000r\000o\000u\000n\000d\000\040\000C\000o\000l\000o\000r}{section.4.22}% 130
\BOOKMARK [2][]{subsection.4.22.7}{\376\377\0004\000.\0002\0002\000.\0007\000\040\000T\000a\000b\000l\000e\000\040\000A\000l\000i\000g\000n\000m\000e\000n\000t\000\040\000a\000n\000d\000\040\000E\000m\000p\000t\000y\000\040\000C\000e\000l\000l\000s}{section.4.22}% 131
\BOOKMARK [2][]{subsection.4.22.8}{\376\377\0004\000.\0002\0002\000.\0008\000\040\000T\000a\000b\000l\000e\000\040\000S\000e\000c\000t\000i\000o\000n\000s}{section.4.22}% 132
\BOOKMARK [1][]{section.4.23}{\376\377\0004\000.\0002\0003\000\040\000C\000o\000n\000t\000a\000i\000n\000e\000r\000s\000,\000\040\000S\000e\000m\000a\000n\000t\000i\000c\000\040\000H\000T\000M\000L\000\040\000a\000n\000d\000\040\000C\000S\000S}{chapter.4}% 133
\BOOKMARK [2][]{subsection.4.23.1}{\376\377\0004\000.\0002\0003\000.\0001\000\040\000W\000e\000b\000p\000a\000g\000e\000\040\000L\000a\000y\000o\000u\000t}{section.4.23}% 134
\BOOKMARK [2][]{subsection.4.23.2}{\376\377\0004\000.\0002\0003\000.\0002\000\040\000M\000e\000t\000h\000o\000d\000s\000\040\000o\000f\000\040\000C\000r\000e\000a\000t\000i\000n\000g\000\040\000L\000a\000y\000o\000u\000t}{section.4.23}% 135
\BOOKMARK [2][]{subsection.4.23.3}{\376\377\0004\000.\0002\0003\000.\0003\000\040\000D\000i\000v\000\040\000a\000n\000d\000\040\000S\000p\000a\000n}{section.4.23}% 136
\BOOKMARK [2][]{subsection.4.23.4}{\376\377\0004\000.\0002\0003\000.\0004\000\040\000S\000e\000m\000a\000n\000t\000i\000c\000\040\000L\000a\000y\000o\000u\000t\000\040\000T\000a\000g\000s}{section.4.23}% 137
\BOOKMARK [2][]{subsection.4.23.5}{\376\377\0004\000.\0002\0003\000.\0005\000\040\000C\000S\000S\000\040\000B\000a\000s\000i\000c\000s}{section.4.23}% 138
\BOOKMARK [1][]{section.4.24}{\376\377\0004\000.\0002\0004\000\040\000H\000T\000M\000L\000\040\000F\000o\000r\000m\000s}{chapter.4}% 139
\BOOKMARK [2][]{subsection.4.24.1}{\376\377\0004\000.\0002\0004\000.\0001\000\040\000F\000o\000r\000m\000\040\000T\000a\000g\000s\000,\000\040\000A\000t\000t\000r\000i\000b\000u\000t\000e\000s\000\040\000a\000n\000d\000\040\000V\000a\000l\000u\000e\000s}{section.4.24}% 140
\BOOKMARK [2][]{subsection.4.24.2}{\376\377\0004\000.\0002\0004\000.\0002\000\040\000B\000a\000s\000i\000c\000\040\000F\000o\000r\000m\000\040\000S\000t\000r\000u\000c\000t\000u\000r\000e}{section.4.24}% 141
\BOOKMARK [2][]{subsection.4.24.3}{\376\377\0004\000.\0002\0004\000.\0003\000\040\000T\000e\000x\000t\000\040\000a\000n\000d\000\040\000P\000a\000s\000s\000w\000o\000r\000d\000\040\000I\000n\000p\000u\000t\000s}{section.4.24}% 142
\BOOKMARK [2][]{subsection.4.24.4}{\376\377\0004\000.\0002\0004\000.\0004\000\040\000R\000a\000d\000i\000o\000\040\000B\000u\000t\000t\000o\000n\000s\000\040\000a\000n\000d\000\040\000C\000h\000e\000c\000k\000b\000o\000x\000e\000s}{section.4.24}% 143
\BOOKMARK [2][]{subsection.4.24.5}{\376\377\0004\000.\0002\0004\000.\0005\000\040\000S\000e\000l\000e\000c\000t\000,\000\040\000O\000p\000t\000i\000o\000n\000\040\000a\000n\000d\000\040\000O\000p\000t\000g\000r\000o\000u\000p}{section.4.24}% 144
\BOOKMARK [2][]{subsection.4.24.6}{\376\377\0004\000.\0002\0004\000.\0006\000\040\000T\000e\000x\000t\000a\000r\000e\000a\000\040\000a\000n\000d\000\040\000B\000u\000t\000t\000o\000n\000s}{section.4.24}% 145
\BOOKMARK [2][]{subsection.4.24.7}{\376\377\0004\000.\0002\0004\000.\0007\000\040\000F\000o\000r\000m\000\040\000E\000x\000a\000m\000p\000l\000e}{section.4.24}% 146
\BOOKMARK [1][]{section.4.25}{\376\377\0004\000.\0002\0005\000\040\000C\000o\000d\000e\000,\000\040\000Q\000u\000o\000t\000e\000,\000\040\000D\000i\000r\000e\000c\000t\000i\000o\000n\000,\000\040\000S\000c\000r\000i\000p\000t\000\040\000a\000n\000d\000\040\000O\000b\000j\000e\000c\000t\000\040\000T\000a\000g\000s}{chapter.4}% 147
\BOOKMARK [2][]{subsection.4.25.1}{\376\377\0004\000.\0002\0005\000.\0001\000\040\000C\000o\000d\000e\000\040\000a\000n\000d\000\040\000C\000o\000m\000p\000u\000t\000e\000r\000\040\000O\000u\000t\000p\000u\000t\000\040\000T\000a\000g\000s}{section.4.25}% 148
\BOOKMARK [2][]{subsection.4.25.2}{\376\377\0004\000.\0002\0005\000.\0002\000\040\000Q\000u\000o\000t\000e\000,\000\040\000C\000i\000t\000a\000t\000i\000o\000n\000\040\000a\000n\000d\000\040\000D\000i\000r\000e\000c\000t\000i\000o\000n\000\040\000T\000a\000g\000s}{section.4.25}% 149
\BOOKMARK [2][]{subsection.4.25.3}{\376\377\0004\000.\0002\0005\000.\0003\000\040\000S\000c\000r\000i\000p\000t\000,\000\040\000N\000o\000s\000c\000r\000i\000p\000t\000,\000\040\000O\000b\000j\000e\000c\000t\000\040\000a\000n\000d\000\040\000A\000p\000p\000l\000e\000t}{section.4.25}% 150
\BOOKMARK [1][]{section.4.26}{\376\377\0004\000.\0002\0006\000\040\000I\000n\000t\000e\000g\000r\000a\000t\000e\000d\000\040\000M\000i\000n\000i\000\040\000P\000r\000o\000j\000e\000c\000t}{chapter.4}% 151
\BOOKMARK [1][]{section.4.27}{\376\377\0004\000.\0002\0007\000\040\000Q\000u\000i\000c\000k\000\040\000R\000e\000v\000i\000s\000i\000o\000n\000\040\000C\000h\000e\000c\000k\000l\000i\000s\000t}{chapter.4}% 152
